mode: set
github.com/stolostron/siteconfig/api/v1alpha1/clusterinstance_conditions.go:23.55,25.2 1 0
github.com/stolostron/siteconfig/api/v1alpha1/clusterinstance_conditions.go:31.57,33.2 1 0
github.com/stolostron/siteconfig/api/v1alpha1/clusterinstance_types.go:610.13,612.2 1 1
github.com/stolostron/siteconfig/api/v1alpha1/clusterinstance_utils.go:100.106,101.35 1 0
github.com/stolostron/siteconfig/api/v1alpha1/clusterinstance_utils.go:101.35,102.34 1 0
github.com/stolostron/siteconfig/api/v1alpha1/clusterinstance_utils.go:102.34,104.4 1 0
github.com/stolostron/siteconfig/api/v1alpha1/clusterinstance_utils.go:106.2,106.76 1 0
github.com/stolostron/siteconfig/api/v1alpha1/clusterinstance_utils.go:110.44,111.27 1 0
github.com/stolostron/siteconfig/api/v1alpha1/clusterinstance_utils.go:111.27,113.3 1 0
github.com/stolostron/siteconfig/api/v1alpha1/clusterinstance_utils.go:114.2,115.15 2 0
github.com/stolostron/siteconfig/api/v1alpha1/clusterinstance_utils.go:27.92,30.2 2 1
github.com/stolostron/siteconfig/api/v1alpha1/clusterinstance_utils.go:33.114,35.8 2 1
github.com/stolostron/siteconfig/api/v1alpha1/clusterinstance_utils.go:35.8,37.3 1 1
github.com/stolostron/siteconfig/api/v1alpha1/clusterinstance_utils.go:38.2,38.44 1 1
github.com/stolostron/siteconfig/api/v1alpha1/clusterinstance_utils.go:42.87,45.2 2 1
github.com/stolostron/siteconfig/api/v1alpha1/clusterinstance_utils.go:48.109,50.8 2 1
github.com/stolostron/siteconfig/api/v1alpha1/clusterinstance_utils.go:50.8,52.3 1 1
github.com/stolostron/siteconfig/api/v1alpha1/clusterinstance_utils.go:53.2,53.39 1 1
github.com/stolostron/siteconfig/api/v1alpha1/clusterinstance_utils.go:58.76,59.30 1 0
github.com/stolostron/siteconfig/api/v1alpha1/clusterinstance_utils.go:59.30,61.3 1 0
github.com/stolostron/siteconfig/api/v1alpha1/clusterinstance_utils.go:64.2,71.33 2 0
github.com/stolostron/siteconfig/api/v1alpha1/clusterinstance_utils.go:74.66,75.48 1 0
github.com/stolostron/siteconfig/api/v1alpha1/clusterinstance_utils.go:75.48,79.3 3 0
github.com/stolostron/siteconfig/api/v1alpha1/clusterinstance_utils.go:83.45,85.44 2 0
github.com/stolostron/siteconfig/api/v1alpha1/clusterinstance_utils.go:85.44,87.3 1 0
github.com/stolostron/siteconfig/api/v1alpha1/clusterinstance_utils.go:90.2,90.23 1 0
github.com/stolostron/siteconfig/api/v1alpha1/clusterinstance_utils.go:90.23,92.3 1 0
github.com/stolostron/siteconfig/api/v1alpha1/clusterinstance_utils.go:95.2,95.74 1 0
github.com/stolostron/siteconfig/api/v1alpha1/clusterinstance_webhook.go:107.102,109.3 1 0
github.com/stolostron/siteconfig/api/v1alpha1/clusterinstance_webhook.go:113.2,115.17 2 1
github.com/stolostron/siteconfig/api/v1alpha1/clusterinstance_webhook.go:119.120,121.2 1 0
github.com/stolostron/siteconfig/api/v1alpha1/clusterinstance_webhook.go:47.75,52.16 2 0
github.com/stolostron/siteconfig/api/v1alpha1/clusterinstance_webhook.go:52.16,54.3 1 0
github.com/stolostron/siteconfig/api/v1alpha1/clusterinstance_webhook.go:55.2,55.12 1 0
github.com/stolostron/siteconfig/api/v1alpha1/clusterinstance_webhook.go:60.31,62.9 2 1
github.com/stolostron/siteconfig/api/v1alpha1/clusterinstance_webhook.go:62.9,64.3 1 0
github.com/stolostron/siteconfig/api/v1alpha1/clusterinstance_webhook.go:66.2,74.43 3 1
github.com/stolostron/siteconfig/api/v1alpha1/clusterinstance_webhook.go:74.43,78.3 3 0
github.com/stolostron/siteconfig/api/v1alpha1/clusterinstance_webhook.go:82.2,83.17 2 1
github.com/stolostron/siteconfig/api/v1alpha1/clusterinstance_webhook.go:88.31,90.9 2 1
github.com/stolostron/siteconfig/api/v1alpha1/clusterinstance_webhook.go:90.9,92.3 1 0
github.com/stolostron/siteconfig/api/v1alpha1/clusterinstance_webhook.go:94.2,95.9 2 1
github.com/stolostron/siteconfig/api/v1alpha1/clusterinstance_webhook.go:95.9,97.3 1 0
github.com/stolostron/siteconfig/api/v1alpha1/clusterinstance_webhook.go:99.2,107.102 3 1
github.com/stolostron/siteconfig/api/v1alpha1/zz_generated.deepcopy.go:100.34,102.3 1 0
github.com/stolostron/siteconfig/api/v1alpha1/zz_generated.deepcopy.go:103.2,103.12 1 0
github.com/stolostron/siteconfig/api/v1alpha1/zz_generated.deepcopy.go:107.71,110.23 3 1
github.com/stolostron/siteconfig/api/v1alpha1/zz_generated.deepcopy.go:110.23,114.3 3 1
github.com/stolostron/siteconfig/api/v1alpha1/zz_generated.deepcopy.go:115.2,115.27 1 1
github.com/stolostron/siteconfig/api/v1alpha1/zz_generated.deepcopy.go:115.27,119.3 3 0
github.com/stolostron/siteconfig/api/v1alpha1/zz_generated.deepcopy.go:120.2,120.36 1 1
github.com/stolostron/siteconfig/api/v1alpha1/zz_generated.deepcopy.go:120.36,124.3 3 1
github.com/stolostron/siteconfig/api/v1alpha1/zz_generated.deepcopy.go:125.2,125.30 1 1
github.com/stolostron/siteconfig/api/v1alpha1/zz_generated.deepcopy.go:125.30,129.3 3 1
github.com/stolostron/siteconfig/api/v1alpha1/zz_generated.deepcopy.go:130.2,130.30 1 1
github.com/stolostron/siteconfig/api/v1alpha1/zz_generated.deepcopy.go:130.30,134.3 3 1
github.com/stolostron/siteconfig/api/v1alpha1/zz_generated.deepcopy.go:135.2,135.30 1 1
github.com/stolostron/siteconfig/api/v1alpha1/zz_generated.deepcopy.go:135.30,139.3 3 1
github.com/stolostron/siteconfig/api/v1alpha1/zz_generated.deepcopy.go:140.2,140.32 1 1
github.com/stolostron/siteconfig/api/v1alpha1/zz_generated.deepcopy.go:140.32,143.29 3 0
github.com/stolostron/siteconfig/api/v1alpha1/zz_generated.deepcopy.go:143.29,145.18 2 0
github.com/stolostron/siteconfig/api/v1alpha1/zz_generated.deepcopy.go:145.18,147.5 1 0
github.com/stolostron/siteconfig/api/v1alpha1/zz_generated.deepcopy.go:147.10,151.31 4 0
github.com/stolostron/siteconfig/api/v1alpha1/zz_generated.deepcopy.go:151.31,153.6 1 0
github.com/stolostron/siteconfig/api/v1alpha1/zz_generated.deepcopy.go:155.4,155.24 1 0
github.com/stolostron/siteconfig/api/v1alpha1/zz_generated.deepcopy.go:158.2,158.27 1 1
github.com/stolostron/siteconfig/api/v1alpha1/zz_generated.deepcopy.go:158.27,161.29 3 1
github.com/stolostron/siteconfig/api/v1alpha1/zz_generated.deepcopy.go:161.29,163.18 2 1
github.com/stolostron/siteconfig/api/v1alpha1/zz_generated.deepcopy.go:163.18,165.5 1 0
github.com/stolostron/siteconfig/api/v1alpha1/zz_generated.deepcopy.go:165.10,169.31 4 1
github.com/stolostron/siteconfig/api/v1alpha1/zz_generated.deepcopy.go:169.31,171.6 1 1
github.com/stolostron/siteconfig/api/v1alpha1/zz_generated.deepcopy.go:173.4,173.24 1 1
github.com/stolostron/siteconfig/api/v1alpha1/zz_generated.deepcopy.go:176.2,176.30 1 1
github.com/stolostron/siteconfig/api/v1alpha1/zz_generated.deepcopy.go:176.30,180.3 3 0
github.com/stolostron/siteconfig/api/v1alpha1/zz_generated.deepcopy.go:181.2,181.21 1 1
github.com/stolostron/siteconfig/api/v1alpha1/zz_generated.deepcopy.go:181.21,185.3 3 0
github.com/stolostron/siteconfig/api/v1alpha1/zz_generated.deepcopy.go:186.2,186.34 1 1
github.com/stolostron/siteconfig/api/v1alpha1/zz_generated.deepcopy.go:186.34,190.3 3 1
github.com/stolostron/siteconfig/api/v1alpha1/zz_generated.deepcopy.go:191.2,191.35 1 1
github.com/stolostron/siteconfig/api/v1alpha1/zz_generated.deepcopy.go:191.35,195.3 3 0
github.com/stolostron/siteconfig/api/v1alpha1/zz_generated.deepcopy.go:196.2,196.30 1 1
github.com/stolostron/siteconfig/api/v1alpha1/zz_generated.deepcopy.go:196.30,200.3 3 0
github.com/stolostron/siteconfig/api/v1alpha1/zz_generated.deepcopy.go:201.2,201.28 1 1
github.com/stolostron/siteconfig/api/v1alpha1/zz_generated.deepcopy.go:201.28,205.3 3 1
github.com/stolostron/siteconfig/api/v1alpha1/zz_generated.deepcopy.go:206.2,206.27 1 1
github.com/stolostron/siteconfig/api/v1alpha1/zz_generated.deepcopy.go:206.27,210.3 3 0
github.com/stolostron/siteconfig/api/v1alpha1/zz_generated.deepcopy.go:211.2,211.21 1 1
github.com/stolostron/siteconfig/api/v1alpha1/zz_generated.deepcopy.go:211.21,214.22 3 1
github.com/stolostron/siteconfig/api/v1alpha1/zz_generated.deepcopy.go:214.22,216.4 1 1
github.com/stolostron/siteconfig/api/v1alpha1/zz_generated.deepcopy.go:218.2,218.25 1 1
github.com/stolostron/siteconfig/api/v1alpha1/zz_generated.deepcopy.go:218.25,222.3 3 0
github.com/stolostron/siteconfig/api/v1alpha1/zz_generated.deepcopy.go:226.64,227.15 1 0
github.com/stolostron/siteconfig/api/v1alpha1/zz_generated.deepcopy.go:227.15,229.3 1 0
github.com/stolostron/siteconfig/api/v1alpha1/zz_generated.deepcopy.go:230.2,232.12 3 0
github.com/stolostron/siteconfig/api/v1alpha1/zz_generated.deepcopy.go:236.75,238.26 2 1
github.com/stolostron/siteconfig/api/v1alpha1/zz_generated.deepcopy.go:238.26,241.22 3 1
github.com/stolostron/siteconfig/api/v1alpha1/zz_generated.deepcopy.go:241.22,243.4 1 1
github.com/stolostron/siteconfig/api/v1alpha1/zz_generated.deepcopy.go:245.2,245.36 1 1
github.com/stolostron/siteconfig/api/v1alpha1/zz_generated.deepcopy.go:245.36,249.3 3 0
github.com/stolostron/siteconfig/api/v1alpha1/zz_generated.deepcopy.go:250.2,250.36 1 1
github.com/stolostron/siteconfig/api/v1alpha1/zz_generated.deepcopy.go:250.36,253.22 3 0
github.com/stolostron/siteconfig/api/v1alpha1/zz_generated.deepcopy.go:253.22,255.4 1 0
github.com/stolostron/siteconfig/api/v1alpha1/zz_generated.deepcopy.go:257.2,257.33 1 1
github.com/stolostron/siteconfig/api/v1alpha1/zz_generated.deepcopy.go:257.33,260.22 3 0
github.com/stolostron/siteconfig/api/v1alpha1/zz_generated.deepcopy.go:260.22,262.4 1 0
github.com/stolostron/siteconfig/api/v1alpha1/zz_generated.deepcopy.go:264.2,264.25 1 1
github.com/stolostron/siteconfig/api/v1alpha1/zz_generated.deepcopy.go:264.25,268.3 3 0
github.com/stolostron/siteconfig/api/v1alpha1/zz_generated.deepcopy.go:269.2,269.22 1 1
github.com/stolostron/siteconfig/api/v1alpha1/zz_generated.deepcopy.go:269.22,273.3 3 0
github.com/stolostron/siteconfig/api/v1alpha1/zz_generated.deepcopy.go:277.68,278.15 1 0
github.com/stolostron/siteconfig/api/v1alpha1/zz_generated.deepcopy.go:278.15,280.3 1 0
github.com/stolostron/siteconfig/api/v1alpha1/zz_generated.deepcopy.go:281.2,283.12 3 0
github.com/stolostron/siteconfig/api/v1alpha1/zz_generated.deepcopy.go:287.71,289.2 1 0
github.com/stolostron/siteconfig/api/v1alpha1/zz_generated.deepcopy.go:292.64,293.15 1 0
github.com/stolostron/siteconfig/api/v1alpha1/zz_generated.deepcopy.go:293.15,295.3 1 0
github.com/stolostron/siteconfig/api/v1alpha1/zz_generated.deepcopy.go:296.2,298.12 3 0
github.com/stolostron/siteconfig/api/v1alpha1/zz_generated.deepcopy.go:302.61,304.20 2 0
github.com/stolostron/siteconfig/api/v1alpha1/zz_generated.deepcopy.go:304.20,308.3 3 0
github.com/stolostron/siteconfig/api/v1alpha1/zz_generated.deepcopy.go:312.54,313.15 1 0
github.com/stolostron/siteconfig/api/v1alpha1/zz_generated.deepcopy.go:313.15,315.3 1 0
github.com/stolostron/siteconfig/api/v1alpha1/zz_generated.deepcopy.go:316.2,318.12 3 0
github.com/stolostron/siteconfig/api/v1alpha1/zz_generated.deepcopy.go:322.71,324.2 1 0
github.com/stolostron/siteconfig/api/v1alpha1/zz_generated.deepcopy.go:327.64,328.15 1 0
github.com/stolostron/siteconfig/api/v1alpha1/zz_generated.deepcopy.go:328.15,330.3 1 0
github.com/stolostron/siteconfig/api/v1alpha1/zz_generated.deepcopy.go:33.69,35.2 1 0
github.com/stolostron/siteconfig/api/v1alpha1/zz_generated.deepcopy.go:331.2,333.12 3 0
github.com/stolostron/siteconfig/api/v1alpha1/zz_generated.deepcopy.go:337.67,339.24 2 0
github.com/stolostron/siteconfig/api/v1alpha1/zz_generated.deepcopy.go:339.24,343.3 3 0
github.com/stolostron/siteconfig/api/v1alpha1/zz_generated.deepcopy.go:344.2,344.55 1 0
github.com/stolostron/siteconfig/api/v1alpha1/zz_generated.deepcopy.go:348.60,349.15 1 0
github.com/stolostron/siteconfig/api/v1alpha1/zz_generated.deepcopy.go:349.15,351.3 1 0
github.com/stolostron/siteconfig/api/v1alpha1/zz_generated.deepcopy.go:352.2,354.12 3 0
github.com/stolostron/siteconfig/api/v1alpha1/zz_generated.deepcopy.go:358.49,361.31 3 1
github.com/stolostron/siteconfig/api/v1alpha1/zz_generated.deepcopy.go:361.31,365.3 3 0
github.com/stolostron/siteconfig/api/v1alpha1/zz_generated.deepcopy.go:366.2,366.27 1 1
github.com/stolostron/siteconfig/api/v1alpha1/zz_generated.deepcopy.go:366.27,370.3 3 0
github.com/stolostron/siteconfig/api/v1alpha1/zz_generated.deepcopy.go:371.2,371.26 1 1
github.com/stolostron/siteconfig/api/v1alpha1/zz_generated.deepcopy.go:371.26,374.29 3 0
github.com/stolostron/siteconfig/api/v1alpha1/zz_generated.deepcopy.go:374.29,376.4 1 0
github.com/stolostron/siteconfig/api/v1alpha1/zz_generated.deepcopy.go:378.2,378.32 1 1
github.com/stolostron/siteconfig/api/v1alpha1/zz_generated.deepcopy.go:378.32,381.29 3 0
github.com/stolostron/siteconfig/api/v1alpha1/zz_generated.deepcopy.go:38.62,39.15 1 0
github.com/stolostron/siteconfig/api/v1alpha1/zz_generated.deepcopy.go:381.29,383.18 2 0
github.com/stolostron/siteconfig/api/v1alpha1/zz_generated.deepcopy.go:383.18,385.5 1 0
github.com/stolostron/siteconfig/api/v1alpha1/zz_generated.deepcopy.go:385.10,389.31 4 0
github.com/stolostron/siteconfig/api/v1alpha1/zz_generated.deepcopy.go:389.31,391.6 1 0
github.com/stolostron/siteconfig/api/v1alpha1/zz_generated.deepcopy.go:39.15,41.3 1 0
github.com/stolostron/siteconfig/api/v1alpha1/zz_generated.deepcopy.go:393.4,393.24 1 0
github.com/stolostron/siteconfig/api/v1alpha1/zz_generated.deepcopy.go:396.2,396.27 1 1
github.com/stolostron/siteconfig/api/v1alpha1/zz_generated.deepcopy.go:396.27,399.29 3 0
github.com/stolostron/siteconfig/api/v1alpha1/zz_generated.deepcopy.go:399.29,401.18 2 0
github.com/stolostron/siteconfig/api/v1alpha1/zz_generated.deepcopy.go:401.18,403.5 1 0
github.com/stolostron/siteconfig/api/v1alpha1/zz_generated.deepcopy.go:403.10,407.31 4 0
github.com/stolostron/siteconfig/api/v1alpha1/zz_generated.deepcopy.go:407.31,409.6 1 0
github.com/stolostron/siteconfig/api/v1alpha1/zz_generated.deepcopy.go:411.4,411.24 1 0
github.com/stolostron/siteconfig/api/v1alpha1/zz_generated.deepcopy.go:414.2,414.35 1 1
github.com/stolostron/siteconfig/api/v1alpha1/zz_generated.deepcopy.go:414.35,418.3 3 0
github.com/stolostron/siteconfig/api/v1alpha1/zz_generated.deepcopy.go:419.2,419.30 1 1
github.com/stolostron/siteconfig/api/v1alpha1/zz_generated.deepcopy.go:419.30,423.3 3 0
github.com/stolostron/siteconfig/api/v1alpha1/zz_generated.deepcopy.go:42.2,44.12 3 0
github.com/stolostron/siteconfig/api/v1alpha1/zz_generated.deepcopy.go:424.2,424.28 1 1
github.com/stolostron/siteconfig/api/v1alpha1/zz_generated.deepcopy.go:424.28,428.3 3 1
github.com/stolostron/siteconfig/api/v1alpha1/zz_generated.deepcopy.go:432.42,433.15 1 0
github.com/stolostron/siteconfig/api/v1alpha1/zz_generated.deepcopy.go:433.15,435.3 1 0
github.com/stolostron/siteconfig/api/v1alpha1/zz_generated.deepcopy.go:436.2,438.12 3 0
github.com/stolostron/siteconfig/api/v1alpha1/zz_generated.deepcopy.go:442.57,445.2 2 0
github.com/stolostron/siteconfig/api/v1alpha1/zz_generated.deepcopy.go:448.50,449.15 1 0
github.com/stolostron/siteconfig/api/v1alpha1/zz_generated.deepcopy.go:449.15,451.3 1 0
github.com/stolostron/siteconfig/api/v1alpha1/zz_generated.deepcopy.go:452.2,454.12 3 0
github.com/stolostron/siteconfig/api/v1alpha1/zz_generated.deepcopy.go:458.65,462.2 3 0
github.com/stolostron/siteconfig/api/v1alpha1/zz_generated.deepcopy.go:465.58,466.15 1 0
github.com/stolostron/siteconfig/api/v1alpha1/zz_generated.deepcopy.go:466.15,468.3 1 0
github.com/stolostron/siteconfig/api/v1alpha1/zz_generated.deepcopy.go:469.2,471.12 3 0
github.com/stolostron/siteconfig/api/v1alpha1/zz_generated.deepcopy.go:475.59,477.2 1 0
github.com/stolostron/siteconfig/api/v1alpha1/zz_generated.deepcopy.go:48.63,54.2 5 1
github.com/stolostron/siteconfig/api/v1alpha1/zz_generated.deepcopy.go:480.52,481.15 1 0
github.com/stolostron/siteconfig/api/v1alpha1/zz_generated.deepcopy.go:481.15,483.3 1 0
github.com/stolostron/siteconfig/api/v1alpha1/zz_generated.deepcopy.go:484.2,486.12 3 0
github.com/stolostron/siteconfig/api/v1alpha1/zz_generated.deepcopy.go:490.63,492.26 2 0
github.com/stolostron/siteconfig/api/v1alpha1/zz_generated.deepcopy.go:492.26,495.22 3 0
github.com/stolostron/siteconfig/api/v1alpha1/zz_generated.deepcopy.go:495.22,497.4 1 0
github.com/stolostron/siteconfig/api/v1alpha1/zz_generated.deepcopy.go:499.2,501.23 3 0
github.com/stolostron/siteconfig/api/v1alpha1/zz_generated.deepcopy.go:501.23,504.22 3 0
github.com/stolostron/siteconfig/api/v1alpha1/zz_generated.deepcopy.go:504.22,506.4 1 0
github.com/stolostron/siteconfig/api/v1alpha1/zz_generated.deepcopy.go:511.56,512.15 1 0
github.com/stolostron/siteconfig/api/v1alpha1/zz_generated.deepcopy.go:512.15,514.3 1 0
github.com/stolostron/siteconfig/api/v1alpha1/zz_generated.deepcopy.go:515.2,517.12 3 0
github.com/stolostron/siteconfig/api/v1alpha1/zz_generated.deepcopy.go:521.55,523.2 1 0
github.com/stolostron/siteconfig/api/v1alpha1/zz_generated.deepcopy.go:526.48,527.15 1 0
github.com/stolostron/siteconfig/api/v1alpha1/zz_generated.deepcopy.go:527.15,529.3 1 0
github.com/stolostron/siteconfig/api/v1alpha1/zz_generated.deepcopy.go:530.2,532.12 3 0
github.com/stolostron/siteconfig/api/v1alpha1/zz_generated.deepcopy.go:536.71,538.2 1 0
github.com/stolostron/siteconfig/api/v1alpha1/zz_generated.deepcopy.go:541.64,542.15 1 0
github.com/stolostron/siteconfig/api/v1alpha1/zz_generated.deepcopy.go:542.15,544.3 1 0
github.com/stolostron/siteconfig/api/v1alpha1/zz_generated.deepcopy.go:545.2,547.12 3 0
github.com/stolostron/siteconfig/api/v1alpha1/zz_generated.deepcopy.go:551.53,553.2 1 0
github.com/stolostron/siteconfig/api/v1alpha1/zz_generated.deepcopy.go:556.46,557.15 1 0
github.com/stolostron/siteconfig/api/v1alpha1/zz_generated.deepcopy.go:557.15,559.3 1 0
github.com/stolostron/siteconfig/api/v1alpha1/zz_generated.deepcopy.go:560.2,562.12 3 0
github.com/stolostron/siteconfig/api/v1alpha1/zz_generated.deepcopy.go:566.55,568.2 1 0
github.com/stolostron/siteconfig/api/v1alpha1/zz_generated.deepcopy.go:57.56,58.15 1 1
github.com/stolostron/siteconfig/api/v1alpha1/zz_generated.deepcopy.go:571.48,572.15 1 0
github.com/stolostron/siteconfig/api/v1alpha1/zz_generated.deepcopy.go:572.15,574.3 1 0
github.com/stolostron/siteconfig/api/v1alpha1/zz_generated.deepcopy.go:575.2,577.12 3 0
github.com/stolostron/siteconfig/api/v1alpha1/zz_generated.deepcopy.go:58.15,60.3 1 0
github.com/stolostron/siteconfig/api/v1alpha1/zz_generated.deepcopy.go:61.2,63.12 3 1
github.com/stolostron/siteconfig/api/v1alpha1/zz_generated.deepcopy.go:67.60,68.34 1 0
github.com/stolostron/siteconfig/api/v1alpha1/zz_generated.deepcopy.go:68.34,70.3 1 0
github.com/stolostron/siteconfig/api/v1alpha1/zz_generated.deepcopy.go:71.2,71.12 1 0
github.com/stolostron/siteconfig/api/v1alpha1/zz_generated.deepcopy.go:75.71,79.21 4 0
github.com/stolostron/siteconfig/api/v1alpha1/zz_generated.deepcopy.go:79.21,82.22 3 0
github.com/stolostron/siteconfig/api/v1alpha1/zz_generated.deepcopy.go:82.22,84.4 1 0
github.com/stolostron/siteconfig/api/v1alpha1/zz_generated.deepcopy.go:89.64,90.15 1 0
github.com/stolostron/siteconfig/api/v1alpha1/zz_generated.deepcopy.go:90.15,92.3 1 0
github.com/stolostron/siteconfig/api/v1alpha1/zz_generated.deepcopy.go:93.2,95.12 3 0
github.com/stolostron/siteconfig/api/v1alpha1/zz_generated.deepcopy.go:99.64,100.34 1 0
github.com/stolostron/siteconfig/cmd/main.go:127.16,130.3 2 0
github.com/stolostron/siteconfig/cmd/main.go:133.2,134.31 2 0
github.com/stolostron/siteconfig/cmd/main.go:134.31,137.3 2 0
github.com/stolostron/siteconfig/cmd/main.go:140.2,141.16 2 0
github.com/stolostron/siteconfig/cmd/main.go:141.16,144.3 2 0
github.com/stolostron/siteconfig/cmd/main.go:147.105,151.3 2 0
github.com/stolostron/siteconfig/cmd/main.go:147.2,147.105 1 0
github.com/stolostron/siteconfig/cmd/main.go:154.2,155.16 2 0
github.com/stolostron/siteconfig/cmd/main.go:155.16,158.3 2 0
github.com/stolostron/siteconfig/cmd/main.go:161.2,167.39 1 0
github.com/stolostron/siteconfig/cmd/main.go:167.39,172.3 2 0
github.com/stolostron/siteconfig/cmd/main.go:175.2,199.39 4 0
github.com/stolostron/siteconfig/cmd/main.go:199.39,205.3 2 0
github.com/stolostron/siteconfig/cmd/main.go:208.2,212.39 1 0
github.com/stolostron/siteconfig/cmd/main.go:212.39,217.3 2 0
github.com/stolostron/siteconfig/cmd/main.go:220.2,220.82 1 0
github.com/stolostron/siteconfig/cmd/main.go:220.82,223.3 2 0
github.com/stolostron/siteconfig/cmd/main.go:226.2,226.69 1 0
github.com/stolostron/siteconfig/cmd/main.go:226.69,229.3 2 0
github.com/stolostron/siteconfig/cmd/main.go:230.2,230.67 1 0
github.com/stolostron/siteconfig/cmd/main.go:230.67,233.3 2 0
github.com/stolostron/siteconfig/cmd/main.go:235.2,236.61 2 0
github.com/stolostron/siteconfig/cmd/main.go:236.61,239.3 2 0
github.com/stolostron/siteconfig/cmd/main.go:245.53,247.21 2 1
github.com/stolostron/siteconfig/cmd/main.go:247.21,249.3 1 0
github.com/stolostron/siteconfig/cmd/main.go:250.2,250.18 1 1
github.com/stolostron/siteconfig/cmd/main.go:255.108,262.30 6 1
github.com/stolostron/siteconfig/cmd/main.go:262.30,273.84 3 1
github.com/stolostron/siteconfig/cmd/main.go:273.84,274.79 1 1
github.com/stolostron/siteconfig/cmd/main.go:274.79,276.5 1 0
github.com/stolostron/siteconfig/cmd/main.go:277.4,277.14 1 1
github.com/stolostron/siteconfig/cmd/main.go:278.18,282.4 1 0
github.com/stolostron/siteconfig/cmd/main.go:284.3,284.101 1 1
github.com/stolostron/siteconfig/cmd/main.go:287.2,287.12 1 1
github.com/stolostron/siteconfig/cmd/main.go:298.46,301.16 2 1
github.com/stolostron/siteconfig/cmd/main.go:301.16,304.3 2 0
github.com/stolostron/siteconfig/cmd/main.go:306.2,306.20 1 1
github.com/stolostron/siteconfig/cmd/main.go:306.20,309.3 2 0
github.com/stolostron/siteconfig/cmd/main.go:312.2,313.45 2 1
github.com/stolostron/siteconfig/cmd/main.go:313.45,316.3 2 1
github.com/stolostron/siteconfig/cmd/main.go:319.2,320.16 2 1
github.com/stolostron/siteconfig/cmd/main.go:320.16,322.3 1 0
github.com/stolostron/siteconfig/cmd/main.go:324.2,324.19 1 1
github.com/stolostron/siteconfig/cmd/main.go:335.39,337.82 1 1
github.com/stolostron/siteconfig/cmd/main.go:337.82,340.17 2 1
github.com/stolostron/siteconfig/cmd/main.go:340.17,342.4 1 1
github.com/stolostron/siteconfig/cmd/main.go:345.29,347.109 2 1
github.com/stolostron/siteconfig/cmd/main.go:345.3,345.29 1 1
github.com/stolostron/siteconfig/cmd/main.go:347.109,350.5 2 0
github.com/stolostron/siteconfig/cmd/main.go:352.4,353.14 2 1
github.com/stolostron/siteconfig/cmd/main.go:357.3,358.75 2 0
github.com/stolostron/siteconfig/cmd/main.go:359.17,361.3 1 0
github.com/stolostron/siteconfig/cmd/main.go:362.2,362.8 1 1
github.com/stolostron/siteconfig/cmd/main.go:67.13,76.2 6 1
github.com/stolostron/siteconfig/cmd/main.go:78.13,127.16 16 0
github.com/stolostron/siteconfig/internal/controller/clusterdeployment_reconciler.go:100.2,102.100 3 1
github.com/stolostron/siteconfig/internal/controller/clusterdeployment_reconciler.go:102.100,104.3 1 0
github.com/stolostron/siteconfig/internal/controller/clusterdeployment_reconciler.go:106.2,106.28 1 1
github.com/stolostron/siteconfig/internal/controller/clusterdeployment_reconciler.go:109.77,116.2 1 1
github.com/stolostron/siteconfig/internal/controller/clusterdeployment_reconciler.go:118.109,129.78 4 1
github.com/stolostron/siteconfig/internal/controller/clusterdeployment_reconciler.go:129.78,132.3 2 1
github.com/stolostron/siteconfig/internal/controller/clusterdeployment_reconciler.go:135.2,135.23 1 1
github.com/stolostron/siteconfig/internal/controller/clusterdeployment_reconciler.go:135.23,137.103 1 1
github.com/stolostron/siteconfig/internal/controller/clusterdeployment_reconciler.go:137.103,144.4 2 1
github.com/stolostron/siteconfig/internal/controller/clusterdeployment_reconciler.go:147.105,154.4 2 1
github.com/stolostron/siteconfig/internal/controller/clusterdeployment_reconciler.go:147.3,147.105 1 1
github.com/stolostron/siteconfig/internal/controller/clusterdeployment_reconciler.go:158.2,158.99 1 1
github.com/stolostron/siteconfig/internal/controller/clusterdeployment_reconciler.go:158.99,165.3 2 1
github.com/stolostron/siteconfig/internal/controller/clusterdeployment_reconciler.go:168.2,168.52 1 1
github.com/stolostron/siteconfig/internal/controller/clusterdeployment_reconciler.go:168.52,174.3 1 1
github.com/stolostron/siteconfig/internal/controller/clusterdeployment_reconciler.go:177.95,179.54 1 1
github.com/stolostron/siteconfig/internal/controller/clusterdeployment_reconciler.go:179.54,181.25 2 1
github.com/stolostron/siteconfig/internal/controller/clusterdeployment_reconciler.go:181.25,188.4 1 1
github.com/stolostron/siteconfig/internal/controller/clusterdeployment_reconciler.go:190.3,194.20 3 1
github.com/stolostron/siteconfig/internal/controller/clusterdeployment_reconciler.go:194.20,198.4 3 1
github.com/stolostron/siteconfig/internal/controller/clusterdeployment_reconciler.go:198.9,204.43 5 1
github.com/stolostron/siteconfig/internal/controller/clusterdeployment_reconciler.go:204.43,206.5 1 0
github.com/stolostron/siteconfig/internal/controller/clusterdeployment_reconciler.go:211.63,213.2 1 1
github.com/stolostron/siteconfig/internal/controller/clusterdeployment_reconciler.go:214.62,216.2 1 0
github.com/stolostron/siteconfig/internal/controller/clusterdeployment_reconciler.go:222.38,224.19 2 1
github.com/stolostron/siteconfig/internal/controller/clusterdeployment_reconciler.go:224.19,227.3 2 0
github.com/stolostron/siteconfig/internal/controller/clusterdeployment_reconciler.go:229.2,230.16 2 1
github.com/stolostron/siteconfig/internal/controller/clusterdeployment_reconciler.go:230.16,232.3 1 0
github.com/stolostron/siteconfig/internal/controller/clusterdeployment_reconciler.go:234.2,234.50 1 1
github.com/stolostron/siteconfig/internal/controller/clusterdeployment_reconciler.go:234.50,237.3 1 0
github.com/stolostron/siteconfig/internal/controller/clusterdeployment_reconciler.go:239.2,241.32 2 1
github.com/stolostron/siteconfig/internal/controller/clusterdeployment_reconciler.go:241.32,242.29 1 1
github.com/stolostron/siteconfig/internal/controller/clusterdeployment_reconciler.go:242.29,245.4 2 1
github.com/stolostron/siteconfig/internal/controller/clusterdeployment_reconciler.go:246.3,247.99 2 0
github.com/stolostron/siteconfig/internal/controller/clusterdeployment_reconciler.go:249.2,249.29 1 1
github.com/stolostron/siteconfig/internal/controller/clusterdeployment_reconciler.go:255.23,258.32 2 0
github.com/stolostron/siteconfig/internal/controller/clusterdeployment_reconciler.go:258.32,260.3 1 0
github.com/stolostron/siteconfig/internal/controller/clusterdeployment_reconciler.go:262.2,263.58 1 0
github.com/stolostron/siteconfig/internal/controller/clusterdeployment_reconciler.go:263.58,270.3 1 0
github.com/stolostron/siteconfig/internal/controller/clusterdeployment_reconciler.go:272.2,272.30 1 0
github.com/stolostron/siteconfig/internal/controller/clusterdeployment_reconciler.go:276.80,284.50 1 0
github.com/stolostron/siteconfig/internal/controller/clusterdeployment_reconciler.go:284.50,284.66 1 0
github.com/stolostron/siteconfig/internal/controller/clusterdeployment_reconciler.go:285.48,287.6 1 0
github.com/stolostron/siteconfig/internal/controller/clusterdeployment_reconciler.go:288.48,288.64 1 0
github.com/stolostron/siteconfig/internal/controller/clusterdeployment_reconciler.go:289.48,291.6 1 0
github.com/stolostron/siteconfig/internal/controller/clusterdeployment_reconciler.go:53.109,62.74 3 1
github.com/stolostron/siteconfig/internal/controller/clusterdeployment_reconciler.go:62.74,63.29 1 1
github.com/stolostron/siteconfig/internal/controller/clusterdeployment_reconciler.go:63.29,66.4 2 1
github.com/stolostron/siteconfig/internal/controller/clusterdeployment_reconciler.go:67.3,69.31 2 0
github.com/stolostron/siteconfig/internal/controller/clusterdeployment_reconciler.go:73.2,74.28 2 1
github.com/stolostron/siteconfig/internal/controller/clusterdeployment_reconciler.go:74.28,76.3 1 1
github.com/stolostron/siteconfig/internal/controller/clusterdeployment_reconciler.go:76.23,78.3 1 0
github.com/stolostron/siteconfig/internal/controller/clusterdeployment_reconciler.go:76.8,76.23 1 1
github.com/stolostron/siteconfig/internal/controller/clusterdeployment_reconciler.go:80.2,83.114 2 1
github.com/stolostron/siteconfig/internal/controller/clusterdeployment_reconciler.go:83.114,85.3 1 1
github.com/stolostron/siteconfig/internal/controller/clusterdeployment_reconciler.go:88.2,91.30 1 1
github.com/stolostron/siteconfig/internal/controller/clusterdeployment_reconciler.go:91.30,98.3 2 1
github.com/stolostron/siteconfig/internal/controller/clusterinstance/helper.go:101.3,103.17 3 1
github.com/stolostron/siteconfig/internal/controller/clusterinstance/helper.go:103.17,105.4 1 0
github.com/stolostron/siteconfig/internal/controller/clusterinstance/helper.go:107.3,107.62 1 1
github.com/stolostron/siteconfig/internal/controller/clusterinstance/helper.go:107.62,109.18 2 1
github.com/stolostron/siteconfig/internal/controller/clusterinstance/helper.go:109.18,111.5 1 0
github.com/stolostron/siteconfig/internal/controller/clusterinstance/helper.go:112.4,112.33 1 1
github.com/stolostron/siteconfig/internal/controller/clusterinstance/helper.go:115.3,118.37 4 1
github.com/stolostron/siteconfig/internal/controller/clusterinstance/helper.go:118.37,120.4 1 0
github.com/stolostron/siteconfig/internal/controller/clusterinstance/helper.go:121.3,121.24 1 1
github.com/stolostron/siteconfig/internal/controller/clusterinstance/helper.go:128.34,132.17 2 1
github.com/stolostron/siteconfig/internal/controller/clusterinstance/helper.go:132.17,134.3 1 1
github.com/stolostron/siteconfig/internal/controller/clusterinstance/helper.go:136.2,137.16 2 1
github.com/stolostron/siteconfig/internal/controller/clusterinstance/helper.go:137.16,139.3 1 1
github.com/stolostron/siteconfig/internal/controller/clusterinstance/helper.go:142.2,144.50 3 1
github.com/stolostron/siteconfig/internal/controller/clusterinstance/helper.go:144.50,145.20 1 1
github.com/stolostron/siteconfig/internal/controller/clusterinstance/helper.go:146.17,147.24 1 1
github.com/stolostron/siteconfig/internal/controller/clusterinstance/helper.go:148.17,149.18 1 1
github.com/stolostron/siteconfig/internal/controller/clusterinstance/helper.go:153.2,163.8 2 1
github.com/stolostron/siteconfig/internal/controller/clusterinstance/helper.go:167.90,168.77 1 1
github.com/stolostron/siteconfig/internal/controller/clusterinstance/helper.go:168.77,170.3 1 1
github.com/stolostron/siteconfig/internal/controller/clusterinstance/helper.go:172.2,172.30 1 1
github.com/stolostron/siteconfig/internal/controller/clusterinstance/helper.go:172.30,173.69 1 1
github.com/stolostron/siteconfig/internal/controller/clusterinstance/helper.go:173.69,175.4 1 1
github.com/stolostron/siteconfig/internal/controller/clusterinstance/helper.go:177.2,177.14 1 1
github.com/stolostron/siteconfig/internal/controller/clusterinstance/helper.go:181.72,182.50 1 1
github.com/stolostron/siteconfig/internal/controller/clusterinstance/helper.go:182.50,184.3 1 1
github.com/stolostron/siteconfig/internal/controller/clusterinstance/helper.go:186.2,186.48 1 1
github.com/stolostron/siteconfig/internal/controller/clusterinstance/helper.go:186.48,187.23 1 1
github.com/stolostron/siteconfig/internal/controller/clusterinstance/helper.go:187.23,189.4 1 1
github.com/stolostron/siteconfig/internal/controller/clusterinstance/helper.go:191.2,191.14 1 1
github.com/stolostron/siteconfig/internal/controller/clusterinstance/helper.go:195.73,202.73 2 1
github.com/stolostron/siteconfig/internal/controller/clusterinstance/helper.go:202.73,204.3 1 1
github.com/stolostron/siteconfig/internal/controller/clusterinstance/helper.go:206.2,206.69 1 1
github.com/stolostron/siteconfig/internal/controller/clusterinstance/helper.go:206.69,208.3 1 0
github.com/stolostron/siteconfig/internal/controller/clusterinstance/helper.go:211.2,212.50 2 1
github.com/stolostron/siteconfig/internal/controller/clusterinstance/helper.go:212.50,214.3 1 1
github.com/stolostron/siteconfig/internal/controller/clusterinstance/helper.go:217.2,218.9 2 1
github.com/stolostron/siteconfig/internal/controller/clusterinstance/helper.go:218.9,220.3 1 0
github.com/stolostron/siteconfig/internal/controller/clusterinstance/helper.go:222.2,223.9 2 1
github.com/stolostron/siteconfig/internal/controller/clusterinstance/helper.go:223.9,225.3 1 0
github.com/stolostron/siteconfig/internal/controller/clusterinstance/helper.go:228.2,228.38 1 1
github.com/stolostron/siteconfig/internal/controller/clusterinstance/helper.go:228.38,230.3 1 1
github.com/stolostron/siteconfig/internal/controller/clusterinstance/helper.go:233.2,237.16 3 1
github.com/stolostron/siteconfig/internal/controller/clusterinstance/helper.go:237.16,239.3 1 0
github.com/stolostron/siteconfig/internal/controller/clusterinstance/helper.go:241.2,241.32 1 1
github.com/stolostron/siteconfig/internal/controller/clusterinstance/helper.go:248.26,249.56 1 1
github.com/stolostron/siteconfig/internal/controller/clusterinstance/helper.go:249.56,251.3 1 1
github.com/stolostron/siteconfig/internal/controller/clusterinstance/helper.go:252.2,254.51 2 1
github.com/stolostron/siteconfig/internal/controller/clusterinstance/helper.go:254.51,256.3 1 1
github.com/stolostron/siteconfig/internal/controller/clusterinstance/helper.go:257.2,259.37 2 1
github.com/stolostron/siteconfig/internal/controller/clusterinstance/helper.go:259.37,260.36 1 1
github.com/stolostron/siteconfig/internal/controller/clusterinstance/helper.go:260.36,262.19 1 1
github.com/stolostron/siteconfig/internal/controller/clusterinstance/helper.go:262.19,264.5 1 0
github.com/stolostron/siteconfig/internal/controller/clusterinstance/helper.go:265.4,265.21 1 1
github.com/stolostron/siteconfig/internal/controller/clusterinstance/helper.go:268.2,268.17 1 1
github.com/stolostron/siteconfig/internal/controller/clusterinstance/helper.go:272.26,274.2 1 1
github.com/stolostron/siteconfig/internal/controller/clusterinstance/helper.go:276.114,278.2 1 1
github.com/stolostron/siteconfig/internal/controller/clusterinstance/helper.go:281.35,283.16 2 1
github.com/stolostron/siteconfig/internal/controller/clusterinstance/helper.go:283.16,286.3 1 0
github.com/stolostron/siteconfig/internal/controller/clusterinstance/helper.go:287.2,287.47 1 1
github.com/stolostron/siteconfig/internal/controller/clusterinstance/helper.go:291.33,295.2 3 1
github.com/stolostron/siteconfig/internal/controller/clusterinstance/helper.go:297.57,298.21 1 1
github.com/stolostron/siteconfig/internal/controller/clusterinstance/helper.go:298.21,300.3 1 1
github.com/stolostron/siteconfig/internal/controller/clusterinstance/helper.go:301.2,301.41 1 0
github.com/stolostron/siteconfig/internal/controller/clusterinstance/helper.go:52.117,55.78 2 1
github.com/stolostron/siteconfig/internal/controller/clusterinstance/helper.go:55.78,57.37 2 1
github.com/stolostron/siteconfig/internal/controller/clusterinstance/helper.go:57.37,58.98 1 1
github.com/stolostron/siteconfig/internal/controller/clusterinstance/helper.go:58.98,60.5 1 0
github.com/stolostron/siteconfig/internal/controller/clusterinstance/helper.go:65.3,68.17 3 1
github.com/stolostron/siteconfig/internal/controller/clusterinstance/helper.go:68.17,70.4 1 0
github.com/stolostron/siteconfig/internal/controller/clusterinstance/helper.go:71.3,71.31 1 1
github.com/stolostron/siteconfig/internal/controller/clusterinstance/helper.go:74.2,74.38 1 1
github.com/stolostron/siteconfig/internal/controller/clusterinstance/helper.go:78.91,82.16 2 1
github.com/stolostron/siteconfig/internal/controller/clusterinstance/helper.go:82.16,84.3 1 0
github.com/stolostron/siteconfig/internal/controller/clusterinstance/helper.go:86.2,88.44 3 1
github.com/stolostron/siteconfig/internal/controller/clusterinstance/helper.go:88.44,90.3 1 0
github.com/stolostron/siteconfig/internal/controller/clusterinstance/helper.go:92.2,92.32 1 1
github.com/stolostron/siteconfig/internal/controller/clusterinstance/helper.go:93.10,94.32 1 1
github.com/stolostron/siteconfig/internal/controller/clusterinstance/helper.go:96.10,97.50 1 1
github.com/stolostron/siteconfig/internal/controller/clusterinstance/helper.go:97.50,99.4 1 1
github.com/stolostron/siteconfig/internal/controller/clusterinstance/ownership.go:35.41,37.2 1 0
github.com/stolostron/siteconfig/internal/controller/clusterinstance/ownership.go:40.69,41.36 1 0
github.com/stolostron/siteconfig/internal/controller/clusterinstance/ownership.go:41.36,46.3 2 0
github.com/stolostron/siteconfig/internal/controller/clusterinstance/ownership.go:47.2,47.12 1 0
github.com/stolostron/siteconfig/internal/controller/clusterinstance/ownership.go:52.63,54.2 1 1
github.com/stolostron/siteconfig/internal/controller/clusterinstance/ownership.go:58.91,60.19 2 0
github.com/stolostron/siteconfig/internal/controller/clusterinstance/ownership.go:60.19,62.3 1 0
github.com/stolostron/siteconfig/internal/controller/clusterinstance/ownership.go:64.2,64.67 1 0
github.com/stolostron/siteconfig/internal/controller/clusterinstance/ownership.go:68.58,70.16 2 0
github.com/stolostron/siteconfig/internal/controller/clusterinstance/ownership.go:70.16,72.3 1 0
github.com/stolostron/siteconfig/internal/controller/clusterinstance/ownership.go:73.2,73.17 1 0
github.com/stolostron/siteconfig/internal/controller/clusterinstance/pause.go:100.90,102.3 1 0
github.com/stolostron/siteconfig/internal/controller/clusterinstance/pause.go:103.2,106.97 2 1
github.com/stolostron/siteconfig/internal/controller/clusterinstance/pause.go:106.97,108.3 1 0
github.com/stolostron/siteconfig/internal/controller/clusterinstance/pause.go:111.2,115.97 3 1
github.com/stolostron/siteconfig/internal/controller/clusterinstance/pause.go:115.97,117.3 1 0
github.com/stolostron/siteconfig/internal/controller/clusterinstance/pause.go:118.2,120.12 2 1
github.com/stolostron/siteconfig/internal/controller/clusterinstance/pause.go:40.9,42.32 1 1
github.com/stolostron/siteconfig/internal/controller/clusterinstance/pause.go:42.32,44.3 1 1
github.com/stolostron/siteconfig/internal/controller/clusterinstance/pause.go:47.2,53.90 3 1
github.com/stolostron/siteconfig/internal/controller/clusterinstance/pause.go:53.90,55.3 1 0
github.com/stolostron/siteconfig/internal/controller/clusterinstance/pause.go:56.2,59.97 2 1
github.com/stolostron/siteconfig/internal/controller/clusterinstance/pause.go:59.97,61.3 1 0
github.com/stolostron/siteconfig/internal/controller/clusterinstance/pause.go:64.2,72.97 3 1
github.com/stolostron/siteconfig/internal/controller/clusterinstance/pause.go:72.97,74.3 1 0
github.com/stolostron/siteconfig/internal/controller/clusterinstance/pause.go:75.2,77.12 2 1
github.com/stolostron/siteconfig/internal/controller/clusterinstance/pause.go:87.9,89.33 1 1
github.com/stolostron/siteconfig/internal/controller/clusterinstance/pause.go:89.33,91.3 1 0
github.com/stolostron/siteconfig/internal/controller/clusterinstance/pause.go:94.2,100.90 3 1
github.com/stolostron/siteconfig/internal/controller/clusterinstance/rendered_object.go:100.61,102.2 1 1
github.com/stolostron/siteconfig/internal/controller/clusterinstance/rendered_object.go:104.56,106.2 1 1
github.com/stolostron/siteconfig/internal/controller/clusterinstance/rendered_object.go:108.53,110.9 2 1
github.com/stolostron/siteconfig/internal/controller/clusterinstance/rendered_object.go:110.9,112.3 1 1
github.com/stolostron/siteconfig/internal/controller/clusterinstance/rendered_object.go:115.2,116.16 2 1
github.com/stolostron/siteconfig/internal/controller/clusterinstance/rendered_object.go:116.16,118.3 1 1
github.com/stolostron/siteconfig/internal/controller/clusterinstance/rendered_object.go:119.2,119.20 1 1
github.com/stolostron/siteconfig/internal/controller/clusterinstance/rendered_object.go:122.49,124.2 1 0
github.com/stolostron/siteconfig/internal/controller/clusterinstance/rendered_object.go:126.74,128.16 2 0
github.com/stolostron/siteconfig/internal/controller/clusterinstance/rendered_object.go:128.16,130.3 1 0
github.com/stolostron/siteconfig/internal/controller/clusterinstance/rendered_object.go:131.2,138.3 1 0
github.com/stolostron/siteconfig/internal/controller/clusterinstance/rendered_object.go:143.70,148.2 1 0
github.com/stolostron/siteconfig/internal/controller/clusterinstance/rendered_object.go:153.93,154.30 1 0
github.com/stolostron/siteconfig/internal/controller/clusterinstance/rendered_object.go:154.30,155.34 1 0
github.com/stolostron/siteconfig/internal/controller/clusterinstance/rendered_object.go:155.34,157.4 1 0
github.com/stolostron/siteconfig/internal/controller/clusterinstance/rendered_object.go:159.2,159.80 1 0
github.com/stolostron/siteconfig/internal/controller/clusterinstance/rendered_object.go:162.53,166.2 3 1
github.com/stolostron/siteconfig/internal/controller/clusterinstance/rendered_object.go:168.54,172.2 3 1
github.com/stolostron/siteconfig/internal/controller/clusterinstance/rendered_object.go:174.76,175.37 1 1
github.com/stolostron/siteconfig/internal/controller/clusterinstance/rendered_object.go:175.37,177.39 1 1
github.com/stolostron/siteconfig/internal/controller/clusterinstance/rendered_object.go:177.39,179.4 1 1
github.com/stolostron/siteconfig/internal/controller/clusterinstance/rendered_object.go:180.3,180.13 1 1
github.com/stolostron/siteconfig/internal/controller/clusterinstance/rendered_object.go:182.2,182.27 1 0
github.com/stolostron/siteconfig/internal/controller/clusterinstance/rendered_object.go:185.53,186.35 1 1
github.com/stolostron/siteconfig/internal/controller/clusterinstance/rendered_object.go:186.35,188.3 1 0
github.com/stolostron/siteconfig/internal/controller/clusterinstance/rendered_object.go:190.2,191.16 2 1
github.com/stolostron/siteconfig/internal/controller/clusterinstance/rendered_object.go:191.16,193.3 1 0
github.com/stolostron/siteconfig/internal/controller/clusterinstance/rendered_object.go:195.19,197.3 1 1
github.com/stolostron/siteconfig/internal/controller/clusterinstance/rendered_object.go:195.2,195.19 1 1
github.com/stolostron/siteconfig/internal/controller/clusterinstance/rendered_object.go:200.2,200.36 1 1
github.com/stolostron/siteconfig/internal/controller/clusterinstance/rendered_object.go:200.36,203.3 1 1
github.com/stolostron/siteconfig/internal/controller/clusterinstance/rendered_object.go:205.2,206.12 2 1
github.com/stolostron/siteconfig/internal/controller/clusterinstance/rendered_object.go:209.66,211.33 2 0
github.com/stolostron/siteconfig/internal/controller/clusterinstance/rendered_object.go:211.33,212.39 1 0
github.com/stolostron/siteconfig/internal/controller/clusterinstance/rendered_object.go:212.39,215.4 1 0
github.com/stolostron/siteconfig/internal/controller/clusterinstance/rendered_object.go:217.2,217.38 1 0
github.com/stolostron/siteconfig/internal/controller/clusterinstance/rendered_object.go:220.75,222.23 2 1
github.com/stolostron/siteconfig/internal/controller/clusterinstance/rendered_object.go:223.20,224.29 1 1
github.com/stolostron/siteconfig/internal/controller/clusterinstance/rendered_object.go:225.19,226.28 1 0
github.com/stolostron/siteconfig/internal/controller/clusterinstance/rendered_object.go:227.22,228.31 1 1
github.com/stolostron/siteconfig/internal/controller/clusterinstance/rendered_object.go:231.2,231.12 1 1
github.com/stolostron/siteconfig/internal/controller/clusterinstance/rendered_object.go:234.79,236.33 2 1
github.com/stolostron/siteconfig/internal/controller/clusterinstance/rendered_object.go:236.33,237.45 1 1
github.com/stolostron/siteconfig/internal/controller/clusterinstance/rendered_object.go:237.45,240.4 1 0
github.com/stolostron/siteconfig/internal/controller/clusterinstance/rendered_object.go:242.2,242.38 1 1
github.com/stolostron/siteconfig/internal/controller/clusterinstance/rendered_object.go:245.72,247.60 2 1
github.com/stolostron/siteconfig/internal/controller/clusterinstance/rendered_object.go:247.60,249.3 1 1
github.com/stolostron/siteconfig/internal/controller/clusterinstance/rendered_object.go:250.2,250.19 1 1
github.com/stolostron/siteconfig/internal/controller/clusterinstance/rendered_object.go:253.71,255.60 2 1
github.com/stolostron/siteconfig/internal/controller/clusterinstance/rendered_object.go:255.60,257.3 1 1
github.com/stolostron/siteconfig/internal/controller/clusterinstance/rendered_object.go:258.2,258.18 1 1
github.com/stolostron/siteconfig/internal/controller/clusterinstance/rendered_object.go:261.74,263.62 2 1
github.com/stolostron/siteconfig/internal/controller/clusterinstance/rendered_object.go:263.62,265.3 1 1
github.com/stolostron/siteconfig/internal/controller/clusterinstance/rendered_object.go:266.2,266.21 1 1
github.com/stolostron/siteconfig/internal/controller/clusterinstance/rendered_object.go:57.82,61.2 3 0
github.com/stolostron/siteconfig/internal/controller/clusterinstance/rendered_object.go:63.75,66.16 2 1
github.com/stolostron/siteconfig/internal/controller/clusterinstance/rendered_object.go:66.16,68.3 1 0
github.com/stolostron/siteconfig/internal/controller/clusterinstance/rendered_object.go:70.2,70.59 1 1
github.com/stolostron/siteconfig/internal/controller/clusterinstance/rendered_object.go:70.59,72.3 1 1
github.com/stolostron/siteconfig/internal/controller/clusterinstance/rendered_object.go:73.2,73.12 1 1
github.com/stolostron/siteconfig/internal/controller/clusterinstance/rendered_object.go:76.64,78.2 1 1
github.com/stolostron/siteconfig/internal/controller/clusterinstance/rendered_object.go:80.49,82.2 1 1
github.com/stolostron/siteconfig/internal/controller/clusterinstance/rendered_object.go:84.43,86.2 1 1
github.com/stolostron/siteconfig/internal/controller/clusterinstance/rendered_object.go:88.72,90.2 1 0
github.com/stolostron/siteconfig/internal/controller/clusterinstance/rendered_object.go:92.48,94.2 1 1
github.com/stolostron/siteconfig/internal/controller/clusterinstance/rendered_object.go:96.43,98.2 1 1
github.com/stolostron/siteconfig/internal/controller/clusterinstance/template_engine.go:101.29,109.17 2 1
github.com/stolostron/siteconfig/internal/controller/clusterinstance/template_engine.go:109.17,112.3 1 1
github.com/stolostron/siteconfig/internal/controller/clusterinstance/template_engine.go:112.8,115.3 1 1
github.com/stolostron/siteconfig/internal/controller/clusterinstance/template_engine.go:117.2,119.45 2 1
github.com/stolostron/siteconfig/internal/controller/clusterinstance/template_engine.go:119.45,126.38 3 1
github.com/stolostron/siteconfig/internal/controller/clusterinstance/template_engine.go:126.38,129.4 2 1
github.com/stolostron/siteconfig/internal/controller/clusterinstance/template_engine.go:132.3,132.62 1 1
github.com/stolostron/siteconfig/internal/controller/clusterinstance/template_engine.go:132.62,141.18 2 1
github.com/stolostron/siteconfig/internal/controller/clusterinstance/template_engine.go:141.18,143.5 1 1
github.com/stolostron/siteconfig/internal/controller/clusterinstance/template_engine.go:144.4,144.53 1 1
github.com/stolostron/siteconfig/internal/controller/clusterinstance/template_engine.go:147.2,147.29 1 1
github.com/stolostron/siteconfig/internal/controller/clusterinstance/template_engine.go:155.26,156.17 1 1
github.com/stolostron/siteconfig/internal/controller/clusterinstance/template_engine.go:156.17,158.91 1 1
github.com/stolostron/siteconfig/internal/controller/clusterinstance/template_engine.go:158.91,160.4 1 1
github.com/stolostron/siteconfig/internal/controller/clusterinstance/template_engine.go:163.3,163.81 1 1
github.com/stolostron/siteconfig/internal/controller/clusterinstance/template_engine.go:163.81,165.4 1 1
github.com/stolostron/siteconfig/internal/controller/clusterinstance/template_engine.go:166.8,168.98 1 1
github.com/stolostron/siteconfig/internal/controller/clusterinstance/template_engine.go:168.98,170.4 1 1
github.com/stolostron/siteconfig/internal/controller/clusterinstance/template_engine.go:173.3,173.88 1 1
github.com/stolostron/siteconfig/internal/controller/clusterinstance/template_engine.go:173.88,175.4 1 1
github.com/stolostron/siteconfig/internal/controller/clusterinstance/template_engine.go:177.2,177.17 1 1
github.com/stolostron/siteconfig/internal/controller/clusterinstance/template_engine.go:185.27,192.16 4 1
github.com/stolostron/siteconfig/internal/controller/clusterinstance/template_engine.go:192.16,195.3 2 1
github.com/stolostron/siteconfig/internal/controller/clusterinstance/template_engine.go:197.2,198.16 2 1
github.com/stolostron/siteconfig/internal/controller/clusterinstance/template_engine.go:198.16,201.3 2 1
github.com/stolostron/siteconfig/internal/controller/clusterinstance/template_engine.go:202.2,202.21 1 1
github.com/stolostron/siteconfig/internal/controller/clusterinstance/template_engine.go:202.21,204.3 1 0
github.com/stolostron/siteconfig/internal/controller/clusterinstance/template_engine.go:206.2,206.51 1 1
github.com/stolostron/siteconfig/internal/controller/clusterinstance/template_engine.go:206.51,209.3 2 0
github.com/stolostron/siteconfig/internal/controller/clusterinstance/template_engine.go:211.2,223.17 9 1
github.com/stolostron/siteconfig/internal/controller/clusterinstance/template_engine.go:223.17,226.3 2 1
github.com/stolostron/siteconfig/internal/controller/clusterinstance/template_engine.go:227.2,227.88 1 1
github.com/stolostron/siteconfig/internal/controller/clusterinstance/template_engine.go:227.88,231.3 3 0
github.com/stolostron/siteconfig/internal/controller/clusterinstance/template_engine.go:232.2,232.51 1 1
github.com/stolostron/siteconfig/internal/controller/clusterinstance/template_engine.go:232.51,236.3 3 1
github.com/stolostron/siteconfig/internal/controller/clusterinstance/template_engine.go:239.2,247.58 3 1
github.com/stolostron/siteconfig/internal/controller/clusterinstance/template_engine.go:247.58,250.3 2 0
github.com/stolostron/siteconfig/internal/controller/clusterinstance/template_engine.go:252.2,252.20 1 1
github.com/stolostron/siteconfig/internal/controller/clusterinstance/template_engine.go:255.90,256.51 1 1
github.com/stolostron/siteconfig/internal/controller/clusterinstance/template_engine.go:256.51,258.3 1 0
github.com/stolostron/siteconfig/internal/controller/clusterinstance/template_engine.go:260.2,260.45 1 1
github.com/stolostron/siteconfig/internal/controller/clusterinstance/template_engine.go:260.45,262.3 1 0
github.com/stolostron/siteconfig/internal/controller/clusterinstance/template_engine.go:264.2,264.71 1 1
github.com/stolostron/siteconfig/internal/controller/clusterinstance/template_engine.go:264.71,265.46 1 1
github.com/stolostron/siteconfig/internal/controller/clusterinstance/template_engine.go:265.46,267.4 1 0
github.com/stolostron/siteconfig/internal/controller/clusterinstance/template_engine.go:268.8,270.3 1 0
github.com/stolostron/siteconfig/internal/controller/clusterinstance/template_engine.go:273.2,273.12 1 1
github.com/stolostron/siteconfig/internal/controller/clusterinstance/template_engine.go:276.118,281.16 4 1
github.com/stolostron/siteconfig/internal/controller/clusterinstance/template_engine.go:281.16,283.3 1 1
github.com/stolostron/siteconfig/internal/controller/clusterinstance/template_engine.go:285.2,287.16 3 1
github.com/stolostron/siteconfig/internal/controller/clusterinstance/template_engine.go:287.16,289.3 1 1
github.com/stolostron/siteconfig/internal/controller/clusterinstance/template_engine.go:292.2,292.36 1 1
github.com/stolostron/siteconfig/internal/controller/clusterinstance/template_engine.go:292.36,293.26 1 1
github.com/stolostron/siteconfig/internal/controller/clusterinstance/template_engine.go:293.26,294.76 1 1
github.com/stolostron/siteconfig/internal/controller/clusterinstance/template_engine.go:294.76,296.5 1 0
github.com/stolostron/siteconfig/internal/controller/clusterinstance/template_engine.go:297.4,297.84 1 1
github.com/stolostron/siteconfig/internal/controller/clusterinstance/template_engine.go:302.2,302.17 1 0
github.com/stolostron/siteconfig/internal/controller/clusterinstance/template_engine.go:42.42,44.2 1 1
github.com/stolostron/siteconfig/internal/controller/clusterinstance/template_engine.go:51.37,60.16 5 1
github.com/stolostron/siteconfig/internal/controller/clusterinstance/template_engine.go:60.16,63.3 2 1
github.com/stolostron/siteconfig/internal/controller/clusterinstance/template_engine.go:65.2,65.67 1 1
github.com/stolostron/siteconfig/internal/controller/clusterinstance/template_engine.go:65.67,67.3 1 0
github.com/stolostron/siteconfig/internal/controller/clusterinstance/template_engine.go:68.2,72.55 3 1
github.com/stolostron/siteconfig/internal/controller/clusterinstance/template_engine.go:72.55,78.17 4 1
github.com/stolostron/siteconfig/internal/controller/clusterinstance/template_engine.go:78.17,83.4 2 1
github.com/stolostron/siteconfig/internal/controller/clusterinstance/template_engine.go:85.3,85.65 1 1
github.com/stolostron/siteconfig/internal/controller/clusterinstance/template_engine.go:85.65,87.4 1 0
github.com/stolostron/siteconfig/internal/controller/clusterinstance/template_engine.go:89.3,89.109 1 1
github.com/stolostron/siteconfig/internal/controller/clusterinstance/template_engine.go:92.2,92.29 1 1
github.com/stolostron/siteconfig/internal/controller/clusterinstance/test_utils.go:101.2,101.30 1 1
github.com/stolostron/siteconfig/internal/controller/clusterinstance/test_utils.go:101.30,103.3 1 1
github.com/stolostron/siteconfig/internal/controller/clusterinstance/test_utils.go:105.2,105.32 1 1
github.com/stolostron/siteconfig/internal/controller/clusterinstance/test_utils.go:105.32,107.3 1 1
github.com/stolostron/siteconfig/internal/controller/clusterinstance/test_utils.go:109.2,109.18 1 1
github.com/stolostron/siteconfig/internal/controller/clusterinstance/test_utils.go:112.62,119.2 1 1
github.com/stolostron/siteconfig/internal/controller/clusterinstance/test_utils.go:121.66,127.2 1 1
github.com/stolostron/siteconfig/internal/controller/clusterinstance/test_utils.go:129.63,136.2 1 1
github.com/stolostron/siteconfig/internal/controller/clusterinstance/test_utils.go:138.71,145.2 1 1
github.com/stolostron/siteconfig/internal/controller/clusterinstance/test_utils.go:147.68,154.2 1 1
github.com/stolostron/siteconfig/internal/controller/clusterinstance/test_utils.go:156.69,163.2 1 1
github.com/stolostron/siteconfig/internal/controller/clusterinstance/test_utils.go:165.82,197.2 4 1
github.com/stolostron/siteconfig/internal/controller/clusterinstance/test_utils.go:199.50,251.2 1 1
github.com/stolostron/siteconfig/internal/controller/clusterinstance/test_utils.go:253.50,287.2 1 1
github.com/stolostron/siteconfig/internal/controller/clusterinstance/test_utils.go:289.44,304.2 1 1
github.com/stolostron/siteconfig/internal/controller/clusterinstance/test_utils.go:311.48,313.16 2 1
github.com/stolostron/siteconfig/internal/controller/clusterinstance/test_utils.go:313.16,315.3 1 0
github.com/stolostron/siteconfig/internal/controller/clusterinstance/test_utils.go:316.2,316.18 1 1
github.com/stolostron/siteconfig/internal/controller/clusterinstance/test_utils.go:319.56,321.37 2 1
github.com/stolostron/siteconfig/internal/controller/clusterinstance/test_utils.go:321.37,323.3 1 1
github.com/stolostron/siteconfig/internal/controller/clusterinstance/test_utils.go:324.2,324.19 1 1
github.com/stolostron/siteconfig/internal/controller/clusterinstance/test_utils.go:327.40,375.2 5 1
github.com/stolostron/siteconfig/internal/controller/clusterinstance/test_utils.go:377.54,385.2 1 1
github.com/stolostron/siteconfig/internal/controller/clusterinstance/test_utils.go:387.51,395.2 1 1
github.com/stolostron/siteconfig/internal/controller/clusterinstance/test_utils.go:397.87,404.2 6 1
github.com/stolostron/siteconfig/internal/controller/clusterinstance/test_utils.go:406.90,408.46 1 1
github.com/stolostron/siteconfig/internal/controller/clusterinstance/test_utils.go:408.46,409.14 1 1
github.com/stolostron/siteconfig/internal/controller/clusterinstance/test_utils.go:409.14,416.13 3 1
github.com/stolostron/siteconfig/internal/controller/clusterinstance/test_utils.go:417.21,418.30 1 1
github.com/stolostron/siteconfig/internal/controller/clusterinstance/test_utils.go:419.24,420.27 1 1
github.com/stolostron/siteconfig/internal/controller/clusterinstance/test_utils.go:421.27,422.36 1 1
github.com/stolostron/siteconfig/internal/controller/clusterinstance/test_utils.go:425.4,425.47 1 1
github.com/stolostron/siteconfig/internal/controller/clusterinstance/test_utils.go:425.47,427.5 1 1
github.com/stolostron/siteconfig/internal/controller/clusterinstance/test_utils.go:54.59,56.2 1 1
github.com/stolostron/siteconfig/internal/controller/clusterinstance/test_utils.go:58.58,60.2 1 1
github.com/stolostron/siteconfig/internal/controller/clusterinstance/test_utils.go:62.73,64.2 1 1
github.com/stolostron/siteconfig/internal/controller/clusterinstance/test_utils.go:66.65,68.2 1 1
github.com/stolostron/siteconfig/internal/controller/clusterinstance/test_utils.go:70.67,72.2 1 1
github.com/stolostron/siteconfig/internal/controller/clusterinstance/test_utils.go:74.64,76.2 1 1
github.com/stolostron/siteconfig/internal/controller/clusterinstance/test_utils.go:78.78,80.2 1 1
github.com/stolostron/siteconfig/internal/controller/clusterinstance/test_utils.go:82.56,85.25 2 1
github.com/stolostron/siteconfig/internal/controller/clusterinstance/test_utils.go:85.25,87.3 1 1
github.com/stolostron/siteconfig/internal/controller/clusterinstance/test_utils.go:89.2,89.33 1 1
github.com/stolostron/siteconfig/internal/controller/clusterinstance/test_utils.go:89.33,91.3 1 1
github.com/stolostron/siteconfig/internal/controller/clusterinstance/test_utils.go:93.2,93.34 1 1
github.com/stolostron/siteconfig/internal/controller/clusterinstance/test_utils.go:93.34,95.3 1 1
github.com/stolostron/siteconfig/internal/controller/clusterinstance/test_utils.go:97.2,97.33 1 1
github.com/stolostron/siteconfig/internal/controller/clusterinstance/test_utils.go:97.33,99.3 1 1
github.com/stolostron/siteconfig/internal/controller/clusterinstance/validator.go:101.3,101.49 1 1
github.com/stolostron/siteconfig/internal/controller/clusterinstance/validator.go:101.49,104.46 3 1
github.com/stolostron/siteconfig/internal/controller/clusterinstance/validator.go:104.46,108.5 1 1
github.com/stolostron/siteconfig/internal/controller/clusterinstance/validator.go:113.2,113.12 1 1
github.com/stolostron/siteconfig/internal/controller/clusterinstance/validator.go:116.43,117.17 1 1
github.com/stolostron/siteconfig/internal/controller/clusterinstance/validator.go:117.17,119.3 1 1
github.com/stolostron/siteconfig/internal/controller/clusterinstance/validator.go:121.2,123.19 3 1
github.com/stolostron/siteconfig/internal/controller/clusterinstance/validator.go:126.75,128.69 1 1
github.com/stolostron/siteconfig/internal/controller/clusterinstance/validator.go:128.69,130.3 1 1
github.com/stolostron/siteconfig/internal/controller/clusterinstance/validator.go:133.2,133.69 1 1
github.com/stolostron/siteconfig/internal/controller/clusterinstance/validator.go:133.69,135.3 1 1
github.com/stolostron/siteconfig/internal/controller/clusterinstance/validator.go:137.2,137.50 1 1
github.com/stolostron/siteconfig/internal/controller/clusterinstance/validator.go:137.50,139.45 1 1
github.com/stolostron/siteconfig/internal/controller/clusterinstance/validator.go:139.45,141.4 1 1
github.com/stolostron/siteconfig/internal/controller/clusterinstance/validator.go:144.3,144.54 1 1
github.com/stolostron/siteconfig/internal/controller/clusterinstance/validator.go:144.54,148.4 1 1
github.com/stolostron/siteconfig/internal/controller/clusterinstance/validator.go:152.2,152.12 1 1
github.com/stolostron/siteconfig/internal/controller/clusterinstance/validator.go:155.82,157.50 2 1
github.com/stolostron/siteconfig/internal/controller/clusterinstance/validator.go:157.50,158.28 1 1
github.com/stolostron/siteconfig/internal/controller/clusterinstance/validator.go:158.28,160.4 1 1
github.com/stolostron/siteconfig/internal/controller/clusterinstance/validator.go:163.2,163.31 1 1
github.com/stolostron/siteconfig/internal/controller/clusterinstance/validator.go:163.31,165.3 1 1
github.com/stolostron/siteconfig/internal/controller/clusterinstance/validator.go:168.2,168.95 1 1
github.com/stolostron/siteconfig/internal/controller/clusterinstance/validator.go:168.95,171.3 1 1
github.com/stolostron/siteconfig/internal/controller/clusterinstance/validator.go:174.2,174.12 1 1
github.com/stolostron/siteconfig/internal/controller/clusterinstance/validator.go:178.102,180.44 1 1
github.com/stolostron/siteconfig/internal/controller/clusterinstance/validator.go:180.44,182.3 1 1
github.com/stolostron/siteconfig/internal/controller/clusterinstance/validator.go:184.2,184.67 1 1
github.com/stolostron/siteconfig/internal/controller/clusterinstance/validator.go:184.67,186.3 1 1
github.com/stolostron/siteconfig/internal/controller/clusterinstance/validator.go:188.2,188.70 1 1
github.com/stolostron/siteconfig/internal/controller/clusterinstance/validator.go:188.70,190.3 1 1
github.com/stolostron/siteconfig/internal/controller/clusterinstance/validator.go:192.2,192.61 1 1
github.com/stolostron/siteconfig/internal/controller/clusterinstance/validator.go:192.61,194.3 1 1
github.com/stolostron/siteconfig/internal/controller/clusterinstance/validator.go:196.2,196.68 1 1
github.com/stolostron/siteconfig/internal/controller/clusterinstance/validator.go:196.68,198.3 1 1
github.com/stolostron/siteconfig/internal/controller/clusterinstance/validator.go:201.2,201.12 1 1
github.com/stolostron/siteconfig/internal/controller/clusterinstance/validator.go:31.111,32.55 1 1
github.com/stolostron/siteconfig/internal/controller/clusterinstance/validator.go:32.55,34.3 1 1
github.com/stolostron/siteconfig/internal/controller/clusterinstance/validator.go:36.2,38.58 3 1
github.com/stolostron/siteconfig/internal/controller/clusterinstance/validator.go:38.58,41.3 1 1
github.com/stolostron/siteconfig/internal/controller/clusterinstance/validator.go:44.2,46.52 3 1
github.com/stolostron/siteconfig/internal/controller/clusterinstance/validator.go:46.52,49.3 1 1
github.com/stolostron/siteconfig/internal/controller/clusterinstance/validator.go:52.104,53.76 1 1
github.com/stolostron/siteconfig/internal/controller/clusterinstance/validator.go:52.2,52.104 1 1
github.com/stolostron/siteconfig/internal/controller/clusterinstance/validator.go:53.76,56.46 3 1
github.com/stolostron/siteconfig/internal/controller/clusterinstance/validator.go:56.46,59.5 1 1
github.com/stolostron/siteconfig/internal/controller/clusterinstance/validator.go:64.2,64.50 1 1
github.com/stolostron/siteconfig/internal/controller/clusterinstance/validator.go:64.50,67.52 3 1
github.com/stolostron/siteconfig/internal/controller/clusterinstance/validator.go:67.52,71.4 1 1
github.com/stolostron/siteconfig/internal/controller/clusterinstance/validator.go:75.2,75.12 1 1
github.com/stolostron/siteconfig/internal/controller/clusterinstance/validator.go:78.114,81.96 1 1
github.com/stolostron/siteconfig/internal/controller/clusterinstance/validator.go:81.96,83.3 1 1
github.com/stolostron/siteconfig/internal/controller/clusterinstance/validator.go:86.2,86.64 1 1
github.com/stolostron/siteconfig/internal/controller/clusterinstance/validator.go:86.64,89.45 3 1
github.com/stolostron/siteconfig/internal/controller/clusterinstance/validator.go:89.45,92.4 1 0
github.com/stolostron/siteconfig/internal/controller/clusterinstance/validator.go:95.2,95.50 1 1
github.com/stolostron/siteconfig/internal/controller/clusterinstance/validator.go:95.50,97.65 1 1
github.com/stolostron/siteconfig/internal/controller/clusterinstance/validator.go:97.65,99.4 1 1
github.com/stolostron/siteconfig/internal/controller/clusterinstance_controller.go:102.55,104.2 1 0
github.com/stolostron/siteconfig/internal/controller/clusterinstance_controller.go:108.86,110.2 1 1
github.com/stolostron/siteconfig/internal/controller/clusterinstance_controller.go:114.39,116.2 1 1
github.com/stolostron/siteconfig/internal/controller/clusterinstance_controller.go:141.107,148.15 2 1
github.com/stolostron/siteconfig/internal/controller/clusterinstance_controller.go:148.15,150.3 1 1
github.com/stolostron/siteconfig/internal/controller/clusterinstance_controller.go:152.2,156.72 3 1
github.com/stolostron/siteconfig/internal/controller/clusterinstance_controller.go:156.72,157.32 1 1
github.com/stolostron/siteconfig/internal/controller/clusterinstance_controller.go:157.32,160.4 2 1
github.com/stolostron/siteconfig/internal/controller/clusterinstance_controller.go:161.3,163.31 2 0
github.com/stolostron/siteconfig/internal/controller/clusterinstance_controller.go:167.2,176.32 3 1
github.com/stolostron/siteconfig/internal/controller/clusterinstance_controller.go:176.32,182.3 3 1
github.com/stolostron/siteconfig/internal/controller/clusterinstance_controller.go:186.2,186.42 1 1
github.com/stolostron/siteconfig/internal/controller/clusterinstance_controller.go:186.42,189.78 3 1
github.com/stolostron/siteconfig/internal/controller/clusterinstance_controller.go:189.78,191.4 1 0
github.com/stolostron/siteconfig/internal/controller/clusterinstance_controller.go:192.3,192.41 1 1
github.com/stolostron/siteconfig/internal/controller/clusterinstance_controller.go:195.2,195.91 1 1
github.com/stolostron/siteconfig/internal/controller/clusterinstance_controller.go:195.91,196.17 1 0
github.com/stolostron/siteconfig/internal/controller/clusterinstance_controller.go:196.17,198.4 1 0
github.com/stolostron/siteconfig/internal/controller/clusterinstance_controller.go:199.3,199.18 1 0
github.com/stolostron/siteconfig/internal/controller/clusterinstance_controller.go:203.2,203.88 1 1
github.com/stolostron/siteconfig/internal/controller/clusterinstance_controller.go:203.88,206.3 2 1
github.com/stolostron/siteconfig/internal/controller/clusterinstance_controller.go:209.2,209.75 1 1
github.com/stolostron/siteconfig/internal/controller/clusterinstance_controller.go:209.75,211.95 2 0
github.com/stolostron/siteconfig/internal/controller/clusterinstance_controller.go:211.95,214.18 2 0
github.com/stolostron/siteconfig/internal/controller/clusterinstance_controller.go:214.18,217.5 2 0
github.com/stolostron/siteconfig/internal/controller/clusterinstance_controller.go:218.21,220.5 1 0
github.com/stolostron/siteconfig/internal/controller/clusterinstance_controller.go:218.4,218.21 1 0
github.com/stolostron/siteconfig/internal/controller/clusterinstance_controller.go:225.2,225.68 1 1
github.com/stolostron/siteconfig/internal/controller/clusterinstance_controller.go:225.68,227.3 1 1
github.com/stolostron/siteconfig/internal/controller/clusterinstance_controller.go:230.2,230.79 1 0
github.com/stolostron/siteconfig/internal/controller/clusterinstance_controller.go:230.79,233.3 1 0
github.com/stolostron/siteconfig/internal/controller/clusterinstance_controller.go:233.16,238.3 2 0
github.com/stolostron/siteconfig/internal/controller/clusterinstance_controller.go:233.8,233.16 1 0
github.com/stolostron/siteconfig/internal/controller/clusterinstance_controller.go:239.2,242.88 2 0
github.com/stolostron/siteconfig/internal/controller/clusterinstance_controller.go:242.88,243.75 1 0
github.com/stolostron/siteconfig/internal/controller/clusterinstance_controller.go:243.75,245.4 1 0
github.com/stolostron/siteconfig/internal/controller/clusterinstance_controller.go:248.2,248.28 1 0
github.com/stolostron/siteconfig/internal/controller/clusterinstance_controller.go:255.9,259.12 3 1
github.com/stolostron/siteconfig/internal/controller/clusterinstance_controller.go:259.12,260.79 1 1
github.com/stolostron/siteconfig/internal/controller/clusterinstance_controller.go:260.79,262.4 1 0
github.com/stolostron/siteconfig/internal/controller/clusterinstance_controller.go:265.2,265.84 1 1
github.com/stolostron/siteconfig/internal/controller/clusterinstance_controller.go:265.84,267.17 2 1
github.com/stolostron/siteconfig/internal/controller/clusterinstance_controller.go:267.17,269.4 1 0
github.com/stolostron/siteconfig/internal/controller/clusterinstance_controller.go:271.3,276.69 4 1
github.com/stolostron/siteconfig/internal/controller/clusterinstance_controller.go:276.69,279.4 1 1
github.com/stolostron/siteconfig/internal/controller/clusterinstance_controller.go:282.3,282.98 1 1
github.com/stolostron/siteconfig/internal/controller/clusterinstance_controller.go:282.98,285.4 2 1
github.com/stolostron/siteconfig/internal/controller/clusterinstance_controller.go:288.2,292.88 4 1
github.com/stolostron/siteconfig/internal/controller/clusterinstance_controller.go:292.88,295.3 1 1
github.com/stolostron/siteconfig/internal/controller/clusterinstance_controller.go:297.2,297.12 1 1
github.com/stolostron/siteconfig/internal/controller/clusterinstance_controller.go:304.9,311.24 3 1
github.com/stolostron/siteconfig/internal/controller/clusterinstance_controller.go:311.24,313.3 1 0
github.com/stolostron/siteconfig/internal/controller/clusterinstance_controller.go:315.2,320.57 2 1
github.com/stolostron/siteconfig/internal/controller/clusterinstance_controller.go:320.57,323.36 1 1
github.com/stolostron/siteconfig/internal/controller/clusterinstance_controller.go:323.36,324.57 1 1
github.com/stolostron/siteconfig/internal/controller/clusterinstance_controller.go:324.57,325.33 1 1
github.com/stolostron/siteconfig/internal/controller/clusterinstance_controller.go:325.33,328.6 1 1
github.com/stolostron/siteconfig/internal/controller/clusterinstance_controller.go:332.3,333.104 2 1
github.com/stolostron/siteconfig/internal/controller/clusterinstance_controller.go:333.104,335.4 1 0
github.com/stolostron/siteconfig/internal/controller/clusterinstance_controller.go:337.3,338.20 2 1
github.com/stolostron/siteconfig/internal/controller/clusterinstance_controller.go:338.20,340.4 1 1
github.com/stolostron/siteconfig/internal/controller/clusterinstance_controller.go:340.59,343.4 1 0
github.com/stolostron/siteconfig/internal/controller/clusterinstance_controller.go:340.9,340.59 1 0
github.com/stolostron/siteconfig/internal/controller/clusterinstance_controller.go:345.3,349.49 4 1
github.com/stolostron/siteconfig/internal/controller/clusterinstance_controller.go:349.49,351.4 1 0
github.com/stolostron/siteconfig/internal/controller/clusterinstance_controller.go:353.3,353.13 1 1
github.com/stolostron/siteconfig/internal/controller/clusterinstance_controller.go:356.2,356.71 1 1
github.com/stolostron/siteconfig/internal/controller/clusterinstance_controller.go:356.71,357.28 1 1
github.com/stolostron/siteconfig/internal/controller/clusterinstance_controller.go:357.28,358.46 1 1
github.com/stolostron/siteconfig/internal/controller/clusterinstance_controller.go:358.46,364.5 2 0
github.com/stolostron/siteconfig/internal/controller/clusterinstance_controller.go:366.3,366.13 1 1
github.com/stolostron/siteconfig/internal/controller/clusterinstance_controller.go:370.2,370.85 1 1
github.com/stolostron/siteconfig/internal/controller/clusterinstance_controller.go:370.85,372.3 1 0
github.com/stolostron/siteconfig/internal/controller/clusterinstance_controller.go:375.2,375.50 1 1
github.com/stolostron/siteconfig/internal/controller/clusterinstance_controller.go:375.50,376.70 1 1
github.com/stolostron/siteconfig/internal/controller/clusterinstance_controller.go:376.70,378.4 1 0
github.com/stolostron/siteconfig/internal/controller/clusterinstance_controller.go:381.2,381.12 1 1
github.com/stolostron/siteconfig/internal/controller/clusterinstance_controller.go:392.24,396.48 2 1
github.com/stolostron/siteconfig/internal/controller/clusterinstance_controller.go:396.48,398.3 1 1
github.com/stolostron/siteconfig/internal/controller/clusterinstance_controller.go:401.2,401.82 1 1
github.com/stolostron/siteconfig/internal/controller/clusterinstance_controller.go:401.82,404.3 1 0
github.com/stolostron/siteconfig/internal/controller/clusterinstance_controller.go:406.2,412.16 3 1
github.com/stolostron/siteconfig/internal/controller/clusterinstance_controller.go:412.16,413.43 1 1
github.com/stolostron/siteconfig/internal/controller/clusterinstance_controller.go:413.43,416.92 2 1
github.com/stolostron/siteconfig/internal/controller/clusterinstance_controller.go:416.92,418.5 1 0
github.com/stolostron/siteconfig/internal/controller/clusterinstance_controller.go:419.4,419.29 1 1
github.com/stolostron/siteconfig/internal/controller/clusterinstance_controller.go:421.3,422.81 2 0
github.com/stolostron/siteconfig/internal/controller/clusterinstance_controller.go:425.2,425.24 1 1
github.com/stolostron/siteconfig/internal/controller/clusterinstance_controller.go:425.24,428.3 2 1
github.com/stolostron/siteconfig/internal/controller/clusterinstance_controller.go:431.2,434.61 3 1
github.com/stolostron/siteconfig/internal/controller/clusterinstance_controller.go:434.61,438.3 2 0
github.com/stolostron/siteconfig/internal/controller/clusterinstance_controller.go:440.2,441.27 2 1
github.com/stolostron/siteconfig/internal/controller/clusterinstance_controller.go:449.24,450.81 1 1
github.com/stolostron/siteconfig/internal/controller/clusterinstance_controller.go:450.81,453.3 1 1
github.com/stolostron/siteconfig/internal/controller/clusterinstance_controller.go:455.2,459.61 3 1
github.com/stolostron/siteconfig/internal/controller/clusterinstance_controller.go:459.61,463.3 2 0
github.com/stolostron/siteconfig/internal/controller/clusterinstance_controller.go:465.2,466.40 2 1
github.com/stolostron/siteconfig/internal/controller/clusterinstance_controller.go:473.9,480.16 5 1
github.com/stolostron/siteconfig/internal/controller/clusterinstance_controller.go:480.16,487.3 4 1
github.com/stolostron/siteconfig/internal/controller/clusterinstance_controller.go:487.8,493.3 4 1
github.com/stolostron/siteconfig/internal/controller/clusterinstance_controller.go:494.2,499.100 3 1
github.com/stolostron/siteconfig/internal/controller/clusterinstance_controller.go:499.100,500.17 1 0
github.com/stolostron/siteconfig/internal/controller/clusterinstance_controller.go:500.17,504.4 2 0
github.com/stolostron/siteconfig/internal/controller/clusterinstance_controller.go:507.2,507.12 1 1
github.com/stolostron/siteconfig/internal/controller/clusterinstance_controller.go:514.40,519.16 4 1
github.com/stolostron/siteconfig/internal/controller/clusterinstance_controller.go:519.16,526.3 2 1
github.com/stolostron/siteconfig/internal/controller/clusterinstance_controller.go:526.8,533.3 2 1
github.com/stolostron/siteconfig/internal/controller/clusterinstance_controller.go:535.100,536.17 1 0
github.com/stolostron/siteconfig/internal/controller/clusterinstance_controller.go:535.2,535.100 1 1
github.com/stolostron/siteconfig/internal/controller/clusterinstance_controller.go:536.17,539.4 2 0
github.com/stolostron/siteconfig/internal/controller/clusterinstance_controller.go:542.2,543.29 2 1
github.com/stolostron/siteconfig/internal/controller/clusterinstance_controller.go:551.63,552.19 1 1
github.com/stolostron/siteconfig/internal/controller/clusterinstance_controller.go:552.19,554.3 1 1
github.com/stolostron/siteconfig/internal/controller/clusterinstance_controller.go:555.19,557.3 1 1
github.com/stolostron/siteconfig/internal/controller/clusterinstance_controller.go:555.2,555.19 1 1
github.com/stolostron/siteconfig/internal/controller/clusterinstance_controller.go:558.2,559.12 2 1
github.com/stolostron/siteconfig/internal/controller/clusterinstance_controller.go:563.59,570.57 2 1
github.com/stolostron/siteconfig/internal/controller/clusterinstance_controller.go:570.57,571.92 1 1
github.com/stolostron/siteconfig/internal/controller/clusterinstance_controller.go:571.92,572.81 1 1
github.com/stolostron/siteconfig/internal/controller/clusterinstance_controller.go:572.81,574.5 1 1
github.com/stolostron/siteconfig/internal/controller/clusterinstance_controller.go:575.4,575.46 1 1
github.com/stolostron/siteconfig/internal/controller/clusterinstance_controller.go:579.2,579.83 1 1
github.com/stolostron/siteconfig/internal/controller/clusterinstance_controller.go:579.83,581.65 1 1
github.com/stolostron/siteconfig/internal/controller/clusterinstance_controller.go:581.65,584.18 3 1
github.com/stolostron/siteconfig/internal/controller/clusterinstance_controller.go:584.18,587.5 1 0
github.com/stolostron/siteconfig/internal/controller/clusterinstance_controller.go:588.11,593.13 2 0
github.com/stolostron/siteconfig/internal/controller/clusterinstance_controller.go:588.4,588.11 1 1
github.com/stolostron/siteconfig/internal/controller/clusterinstance_controller.go:595.106,598.5 1 0
github.com/stolostron/siteconfig/internal/controller/clusterinstance_controller.go:595.4,595.106 1 1
github.com/stolostron/siteconfig/internal/controller/clusterinstance_controller.go:602.2,602.51 1 1
github.com/stolostron/siteconfig/internal/controller/clusterinstance_controller.go:611.43,615.86 3 1
github.com/stolostron/siteconfig/internal/controller/clusterinstance_controller.go:615.86,616.33 1 1
github.com/stolostron/siteconfig/internal/controller/clusterinstance_controller.go:616.33,618.4 1 0
github.com/stolostron/siteconfig/internal/controller/clusterinstance_controller.go:620.3,620.53 1 1
github.com/stolostron/siteconfig/internal/controller/clusterinstance_controller.go:620.53,622.4 1 1
github.com/stolostron/siteconfig/internal/controller/clusterinstance_controller.go:623.3,623.52 1 1
github.com/stolostron/siteconfig/internal/controller/clusterinstance_controller.go:627.2,645.84 7 1
github.com/stolostron/siteconfig/internal/controller/clusterinstance_controller.go:645.84,647.3 1 0
github.com/stolostron/siteconfig/internal/controller/clusterinstance_controller.go:650.2,651.59 2 1
github.com/stolostron/siteconfig/internal/controller/clusterinstance_controller.go:651.59,655.61 2 1
github.com/stolostron/siteconfig/internal/controller/clusterinstance_controller.go:655.61,659.4 2 1
github.com/stolostron/siteconfig/internal/controller/clusterinstance_controller.go:660.3,660.52 1 1
github.com/stolostron/siteconfig/internal/controller/clusterinstance_controller.go:663.2,664.48 2 1
github.com/stolostron/siteconfig/internal/controller/clusterinstance_controller.go:673.39,681.33 5 1
github.com/stolostron/siteconfig/internal/controller/clusterinstance_controller.go:681.33,686.80 4 1
github.com/stolostron/siteconfig/internal/controller/clusterinstance_controller.go:686.80,690.4 3 1
github.com/stolostron/siteconfig/internal/controller/clusterinstance_controller.go:690.58,692.4 1 1
github.com/stolostron/siteconfig/internal/controller/clusterinstance_controller.go:690.9,690.58 1 1
github.com/stolostron/siteconfig/internal/controller/clusterinstance_controller.go:693.3,696.99 2 1
github.com/stolostron/siteconfig/internal/controller/clusterinstance_controller.go:696.99,698.4 1 1
github.com/stolostron/siteconfig/internal/controller/clusterinstance_controller.go:698.9,700.4 1 1
github.com/stolostron/siteconfig/internal/controller/clusterinstance_controller.go:704.2,704.95 1 1
github.com/stolostron/siteconfig/internal/controller/clusterinstance_controller.go:704.95,706.101 2 1
github.com/stolostron/siteconfig/internal/controller/clusterinstance_controller.go:706.101,709.4 2 0
github.com/stolostron/siteconfig/internal/controller/clusterinstance_controller.go:711.2,711.42 1 1
github.com/stolostron/siteconfig/internal/controller/clusterinstance_controller.go:719.58,728.29 6 1
github.com/stolostron/siteconfig/internal/controller/clusterinstance_controller.go:728.29,730.17 2 0
github.com/stolostron/siteconfig/internal/controller/clusterinstance_controller.go:730.17,732.4 1 0
github.com/stolostron/siteconfig/internal/controller/clusterinstance_controller.go:733.3,739.51 2 0
github.com/stolostron/siteconfig/internal/controller/clusterinstance_controller.go:740.8,746.3 1 1
github.com/stolostron/siteconfig/internal/controller/clusterinstance_controller.go:748.100,749.17 1 0
github.com/stolostron/siteconfig/internal/controller/clusterinstance_controller.go:748.2,748.100 1 1
github.com/stolostron/siteconfig/internal/controller/clusterinstance_controller.go:749.17,753.4 2 0
github.com/stolostron/siteconfig/internal/controller/clusterinstance_controller.go:756.2,758.22 2 1
github.com/stolostron/siteconfig/internal/controller/clusterinstance_controller.go:765.58,777.29 4 1
github.com/stolostron/siteconfig/internal/controller/clusterinstance_controller.go:777.29,779.17 2 0
[...]
github.com/stolostron/siteconfig/internal/controller/reinstall/helper.go:306.2,313.33 3 1
github.com/stolostron/siteconfig/internal/controller/reinstall/helper.go:313.33,314.98 1 1
github.com/stolostron/siteconfig/internal/controller/reinstall/helper.go:314.98,320.4 3 1
github.com/stolostron/siteconfig/internal/controller/reinstall/helper.go:322.3,323.88 1 1
github.com/stolostron/siteconfig/internal/controller/reinstall/helper.go:326.2,329.61 1 1
github.com/stolostron/siteconfig/internal/controller/reinstall/helper.go:332.96,335.9 2 1
github.com/stolostron/siteconfig/internal/controller/reinstall/helper.go:335.9,337.3 1 1
github.com/stolostron/siteconfig/internal/controller/reinstall/helper.go:339.2,340.79 2 1
github.com/stolostron/siteconfig/internal/controller/reinstall/helper.go:340.79,342.3 1 1
github.com/stolostron/siteconfig/internal/controller/reinstall/helper.go:344.2,345.16 2 1
github.com/stolostron/siteconfig/internal/controller/reinstall/helper.go:345.16,347.3 1 0
github.com/stolostron/siteconfig/internal/controller/reinstall/helper.go:349.2,350.16 2 1
github.com/stolostron/siteconfig/internal/controller/reinstall/helper.go:350.16,352.3 1 0
github.com/stolostron/siteconfig/internal/controller/reinstall/helper.go:355.2,356.16 2 1
github.com/stolostron/siteconfig/internal/controller/reinstall/helper.go:356.16,359.3 1 0
github.com/stolostron/siteconfig/internal/controller/reinstall/helper.go:362.2,362.20 1 1
github.com/stolostron/siteconfig/internal/controller/reinstall/helper.go:362.20,364.3 1 1
github.com/stolostron/siteconfig/internal/controller/reinstall/helper.go:367.2,367.45 1 1
github.com/stolostron/siteconfig/internal/controller/reinstall/helper.go:367.45,368.35 1 1
github.com/stolostron/siteconfig/internal/controller/reinstall/helper.go:368.35,370.4 1 1
github.com/stolostron/siteconfig/internal/controller/reinstall/helper.go:371.3,373.31 3 0
github.com/stolostron/siteconfig/internal/controller/reinstall/helper.go:373.31,375.4 1 0
github.com/stolostron/siteconfig/internal/controller/reinstall/helper.go:376.3,376.37 1 0
github.com/stolostron/siteconfig/internal/controller/reinstall/helper.go:380.2,381.16 2 1
github.com/stolostron/siteconfig/internal/controller/reinstall/helper.go:381.16,384.3 1 0
github.com/stolostron/siteconfig/internal/controller/reinstall/helper.go:386.2,386.30 1 1
github.com/stolostron/siteconfig/internal/controller/reinstall/helper.go:41.95,43.37 2 1
github.com/stolostron/siteconfig/internal/controller/reinstall/helper.go:43.37,44.40 1 1
github.com/stolostron/siteconfig/internal/controller/reinstall/helper.go:44.40,55.18 2 1
github.com/stolostron/siteconfig/internal/controller/reinstall/helper.go:55.18,58.5 1 0
github.com/stolostron/siteconfig/internal/controller/reinstall/helper.go:59.4,59.19 1 1
github.com/stolostron/siteconfig/internal/controller/reinstall/helper.go:62.2,62.17 1 1
github.com/stolostron/siteconfig/internal/controller/reinstall/helper.go:68.21,69.45 1 1
github.com/stolostron/siteconfig/internal/controller/reinstall/helper.go:69.45,71.3 1 1
github.com/stolostron/siteconfig/internal/controller/reinstall/helper.go:73.2,73.101 1 1
github.com/stolostron/siteconfig/internal/controller/reinstall/helper.go:76.110,77.45 1 1
github.com/stolostron/siteconfig/internal/controller/reinstall/helper.go:77.45,79.3 1 1
github.com/stolostron/siteconfig/internal/controller/reinstall/helper.go:81.2,81.89 1 1
github.com/stolostron/siteconfig/internal/controller/reinstall/helper.go:89.21,96.2 1 1
github.com/stolostron/siteconfig/internal/controller/reinstall/reinstall.go:100.79,109.101 5 0
github.com/stolostron/siteconfig/internal/controller/reinstall/reinstall.go:109.101,112.4 1 0
github.com/stolostron/siteconfig/internal/controller/reinstall/reinstall.go:113.3,113.46 1 0
github.com/stolostron/siteconfig/internal/controller/reinstall/reinstall.go:116.2,121.15 5 1
github.com/stolostron/siteconfig/internal/controller/reinstall/reinstall.go:121.15,123.31 2 1
github.com/stolostron/siteconfig/internal/controller/reinstall/reinstall.go:123.31,125.4 1 0
github.com/stolostron/siteconfig/internal/controller/reinstall/reinstall.go:126.3,127.28 2 1
github.com/stolostron/siteconfig/internal/controller/reinstall/reinstall.go:127.28,129.24 2 1
github.com/stolostron/siteconfig/internal/controller/reinstall/reinstall.go:129.24,133.5 2 0
github.com/stolostron/siteconfig/internal/controller/reinstall/reinstall.go:137.17,139.106 2 1
github.com/stolostron/siteconfig/internal/controller/reinstall/reinstall.go:137.3,137.17 1 1
github.com/stolostron/siteconfig/internal/controller/reinstall/reinstall.go:139.106,141.5 1 0
github.com/stolostron/siteconfig/internal/controller/reinstall/reinstall.go:142.4,142.53 1 1
github.com/stolostron/siteconfig/internal/controller/reinstall/reinstall.go:146.2,158.29 2 1
github.com/stolostron/siteconfig/internal/controller/reinstall/reinstall.go:158.29,163.23 4 1
github.com/stolostron/siteconfig/internal/controller/reinstall/reinstall.go:163.23,166.4 2 0
github.com/stolostron/siteconfig/internal/controller/reinstall/reinstall.go:167.17,172.40 3 1
github.com/stolostron/siteconfig/internal/controller/reinstall/reinstall.go:167.3,167.17 1 1
github.com/stolostron/siteconfig/internal/controller/reinstall/reinstall.go:172.40,174.5 1 0
github.com/stolostron/siteconfig/internal/controller/reinstall/reinstall.go:174.10,176.5 1 1
github.com/stolostron/siteconfig/internal/controller/reinstall/reinstall.go:177.4,177.10 1 1
github.com/stolostron/siteconfig/internal/controller/reinstall/reinstall.go:179.3,179.67 1 1
github.com/stolostron/siteconfig/internal/controller/reinstall/reinstall.go:182.2,185.77 3 1
github.com/stolostron/siteconfig/internal/controller/reinstall/reinstall.go:185.77,187.3 1 0
github.com/stolostron/siteconfig/internal/controller/reinstall/reinstall.go:188.2,193.8 2 1
github.com/stolostron/siteconfig/internal/controller/reinstall/reinstall.go:196.73,199.28 2 1
github.com/stolostron/siteconfig/internal/controller/reinstall/reinstall.go:199.28,201.3 1 1
github.com/stolostron/siteconfig/internal/controller/reinstall/reinstall.go:203.2,203.85 1 1
github.com/stolostron/siteconfig/internal/controller/reinstall/reinstall.go:203.85,205.3 1 1
github.com/stolostron/siteconfig/internal/controller/reinstall/reinstall.go:207.2,208.17 2 1
github.com/stolostron/siteconfig/internal/controller/reinstall/reinstall.go:208.17,210.3 1 1
github.com/stolostron/siteconfig/internal/controller/reinstall/reinstall.go:212.2,218.56 2 1
github.com/stolostron/siteconfig/internal/controller/reinstall/reinstall.go:221.67,225.113 2 1
github.com/stolostron/siteconfig/internal/controller/reinstall/reinstall.go:225.113,227.3 1 1
github.com/stolostron/siteconfig/internal/controller/reinstall/reinstall.go:229.2,229.14 1 1
github.com/stolostron/siteconfig/internal/controller/reinstall/reinstall.go:237.40,246.41 5 1
github.com/stolostron/siteconfig/internal/controller/reinstall/reinstall.go:246.41,252.3 3 1
github.com/stolostron/siteconfig/internal/controller/reinstall/reinstall.go:252.8,255.3 1 1
github.com/stolostron/siteconfig/internal/controller/reinstall/reinstall.go:257.112,259.101 2 1
github.com/stolostron/siteconfig/internal/controller/reinstall/reinstall.go:257.2,257.112 1 1
github.com/stolostron/siteconfig/internal/controller/reinstall/reinstall.go:259.101,262.4 1 0
github.com/stolostron/siteconfig/internal/controller/reinstall/reinstall.go:265.2,265.8 1 1
github.com/stolostron/siteconfig/internal/controller/reinstall/reinstall.go:273.29,274.64 1 1
github.com/stolostron/siteconfig/internal/controller/reinstall/reinstall.go:274.64,277.101 3 1
github.com/stolostron/siteconfig/internal/controller/reinstall/reinstall.go:277.101,280.4 1 0
github.com/stolostron/siteconfig/internal/controller/reinstall/reinstall.go:281.3,282.46 2 1
github.com/stolostron/siteconfig/internal/controller/reinstall/reinstall.go:284.2,285.32 2 1
github.com/stolostron/siteconfig/internal/controller/reinstall/reinstall.go:290.82,300.15 5 1
github.com/stolostron/siteconfig/internal/controller/reinstall/reinstall.go:300.15,301.47 1 1
github.com/stolostron/siteconfig/internal/controller/reinstall/reinstall.go:301.47,302.108 1 1
github.com/stolostron/siteconfig/internal/controller/reinstall/reinstall.go:302.108,303.103 1 1
github.com/stolostron/siteconfig/internal/controller/reinstall/reinstall.go:303.103,307.6 2 0
github.com/stolostron/siteconfig/internal/controller/reinstall/reinstall.go:308.30,310.6 1 1
github.com/stolostron/siteconfig/internal/controller/reinstall/reinstall.go:308.5,308.30 1 1
github.com/stolostron/siteconfig/internal/controller/reinstall/reinstall.go:315.2,317.16 3 1
github.com/stolostron/siteconfig/internal/controller/reinstall/reinstall.go:317.16,322.3 3 0
github.com/stolostron/siteconfig/internal/controller/reinstall/reinstall.go:324.15,326.3 1 0
github.com/stolostron/siteconfig/internal/controller/reinstall/reinstall.go:324.2,324.15 1 1
github.com/stolostron/siteconfig/internal/controller/reinstall/reinstall.go:328.2,329.76 1 1
github.com/stolostron/siteconfig/internal/controller/reinstall/reinstall.go:329.76,333.3 2 1
github.com/stolostron/siteconfig/internal/controller/reinstall/reinstall.go:335.2,335.50 1 1
github.com/stolostron/siteconfig/internal/controller/reinstall/reinstall.go:336.59,337.9 1 1
github.com/stolostron/siteconfig/internal/controller/reinstall/reinstall.go:340.2,343.16 2 1
github.com/stolostron/siteconfig/internal/controller/reinstall/reinstall.go:343.16,344.43 1 1
github.com/stolostron/siteconfig/internal/controller/reinstall/reinstall.go:344.43,350.4 4 1
github.com/stolostron/siteconfig/internal/controller/reinstall/reinstall.go:352.3,355.9 3 1
github.com/stolostron/siteconfig/internal/controller/reinstall/reinstall.go:358.2,358.24 1 1
github.com/stolostron/siteconfig/internal/controller/reinstall/reinstall.go:358.24,362.3 3 1
github.com/stolostron/siteconfig/internal/controller/reinstall/reinstall.go:364.2,368.8 3 1
github.com/stolostron/siteconfig/internal/controller/reinstall/reinstall.go:374.51,380.104 1 1
github.com/stolostron/siteconfig/internal/controller/reinstall/reinstall.go:380.104,382.3 1 0
github.com/stolostron/siteconfig/internal/controller/reinstall/reinstall.go:385.2,386.16 2 1
github.com/stolostron/siteconfig/internal/controller/reinstall/reinstall.go:386.16,388.3 1 1
github.com/stolostron/siteconfig/internal/controller/reinstall/reinstall.go:390.2,393.102 3 1
github.com/stolostron/siteconfig/internal/controller/reinstall/reinstall.go:393.102,396.3 2 1
github.com/stolostron/siteconfig/internal/controller/reinstall/reinstall.go:398.2,398.65 1 1
github.com/stolostron/siteconfig/internal/controller/reinstall/reinstall.go:398.65,401.3 2 1
github.com/stolostron/siteconfig/internal/controller/reinstall/reinstall.go:403.2,403.62 1 1
github.com/stolostron/siteconfig/internal/controller/reinstall/reinstall.go:403.62,406.3 2 1
github.com/stolostron/siteconfig/internal/controller/reinstall/reinstall.go:409.2,415.53 2 1
github.com/stolostron/siteconfig/internal/controller/reinstall/reinstall.go:415.53,418.3 2 1
github.com/stolostron/siteconfig/internal/controller/reinstall/reinstall.go:418.8,421.74 2 1
github.com/stolostron/siteconfig/internal/controller/reinstall/reinstall.go:421.74,422.77 1 1
github.com/stolostron/siteconfig/internal/controller/reinstall/reinstall.go:422.77,424.10 2 1
github.com/stolostron/siteconfig/internal/controller/reinstall/reinstall.go:427.14,430.4 2 1
github.com/stolostron/siteconfig/internal/controller/reinstall/reinstall.go:427.3,427.14 1 1
github.com/stolostron/siteconfig/internal/controller/reinstall/reinstall.go:433.2,433.20 1 1
github.com/stolostron/siteconfig/internal/controller/reinstall/reinstall.go:433.20,434.101 1 1
github.com/stolostron/siteconfig/internal/controller/reinstall/reinstall.go:434.101,436.4 1 1
github.com/stolostron/siteconfig/internal/controller/reinstall/reinstall.go:438.2,438.12 1 1
github.com/stolostron/siteconfig/internal/controller/reinstall/reinstall.go:454.29,456.52 1 1
github.com/stolostron/siteconfig/internal/controller/reinstall/reinstall.go:456.52,459.56 3 1
github.com/stolostron/siteconfig/internal/controller/reinstall/reinstall.go:459.56,460.33 1 1
github.com/stolostron/siteconfig/internal/controller/reinstall/reinstall.go:460.33,462.5 1 1
github.com/stolostron/siteconfig/internal/controller/reinstall/reinstall.go:463.4,464.96 2 0
github.com/stolostron/siteconfig/internal/controller/reinstall/reinstall.go:466.3,469.21 3 1
github.com/stolostron/siteconfig/internal/controller/reinstall/reinstall.go:469.21,470.61 1 1
github.com/stolostron/siteconfig/internal/controller/reinstall/reinstall.go:470.61,473.5 2 1
github.com/stolostron/siteconfig/internal/controller/reinstall/reinstall.go:474.4,474.81 1 1
github.com/stolostron/siteconfig/internal/controller/reinstall/reinstall.go:476.3,476.13 1 1
github.com/stolostron/siteconfig/internal/controller/reinstall/reinstall.go:479.2,480.50 2 1
github.com/stolostron/siteconfig/internal/controller/reinstall/reinstall.go:480.50,482.3 1 1
github.com/stolostron/siteconfig/internal/controller/reinstall/reinstall.go:484.2,484.48 1 1
github.com/stolostron/siteconfig/internal/controller/reinstall/reinstall.go:484.48,486.17 2 1
github.com/stolostron/siteconfig/internal/controller/reinstall/reinstall.go:486.17,489.4 1 1
github.com/stolostron/siteconfig/internal/controller/reinstall/reinstall.go:492.2,492.32 1 1
github.com/stolostron/siteconfig/internal/controller/reinstall/reinstall.go:500.40,509.15 4 1
github.com/stolostron/siteconfig/internal/controller/reinstall/reinstall.go:509.15,513.47 3 1
github.com/stolostron/siteconfig/internal/controller/reinstall/reinstall.go:513.47,515.4 1 1
github.com/stolostron/siteconfig/internal/controller/reinstall/reinstall.go:517.3,517.46 1 1
github.com/stolostron/siteconfig/internal/controller/reinstall/reinstall.go:517.46,518.107 1 1
github.com/stolostron/siteconfig/internal/controller/reinstall/reinstall.go:518.107,520.5 1 1
github.com/stolostron/siteconfig/internal/controller/reinstall/reinstall.go:523.21,526.24 3 1
github.com/stolostron/siteconfig/internal/controller/reinstall/reinstall.go:523.3,523.21 1 1
github.com/stolostron/siteconfig/internal/controller/reinstall/reinstall.go:526.24,530.5 2 0
github.com/stolostron/siteconfig/internal/controller/reinstall/reinstall.go:534.2,534.86 1 1
github.com/stolostron/siteconfig/internal/controller/reinstall/reinstall.go:534.86,540.3 3 1
github.com/stolostron/siteconfig/internal/controller/reinstall/reinstall.go:542.2,545.16 3 1
github.com/stolostron/siteconfig/internal/controller/reinstall/reinstall.go:545.16,555.3 4 0
github.com/stolostron/siteconfig/internal/controller/reinstall/reinstall.go:557.2,562.8 3 1
github.com/stolostron/siteconfig/internal/controller/reinstall/reinstall.go:570.40,577.15 4 1
github.com/stolostron/siteconfig/internal/controller/reinstall/reinstall.go:577.15,578.47 1 1
github.com/stolostron/siteconfig/internal/controller/reinstall/reinstall.go:578.47,581.108 2 1
github.com/stolostron/siteconfig/internal/controller/reinstall/reinstall.go:581.108,584.25 3 1
github.com/stolostron/siteconfig/internal/controller/reinstall/reinstall.go:584.25,589.6 2 0
github.com/stolostron/siteconfig/internal/controller/reinstall/reinstall.go:594.2,594.86 1 1
github.com/stolostron/siteconfig/internal/controller/reinstall/reinstall.go:594.86,600.3 2 1
github.com/stolostron/siteconfig/internal/controller/reinstall/reinstall.go:602.2,605.16 3 1
github.com/stolostron/siteconfig/internal/controller/reinstall/reinstall.go:605.16,610.3 3 0
github.com/stolostron/siteconfig/internal/controller/reinstall/reinstall.go:612.2,615.8 3 1
github.com/stolostron/siteconfig/internal/controller/reinstall/reinstall.go:63.40,66.26 2 1
github.com/stolostron/siteconfig/internal/controller/reinstall/reinstall.go:66.26,70.3 2 1
github.com/stolostron/siteconfig/internal/controller/reinstall/reinstall.go:73.2,81.41 2 1
github.com/stolostron/siteconfig/internal/controller/reinstall/reinstall.go:81.41,83.3 1 1
github.com/stolostron/siteconfig/internal/controller/reinstall/reinstall.go:85.2,88.80 2 1
github.com/stolostron/siteconfig/internal/controller/reinstall/reinstall.go:88.80,90.87 2 1
github.com/stolostron/siteconfig/internal/controller/reinstall/reinstall.go:90.87,93.4 2 0
github.com/stolostron/siteconfig/internal/controller/reinstall/reinstall.go:94.3,94.46 1 1
github.com/stolostron/siteconfig/internal/controller/reinstall/reinstall.go:97.2,100.79 2 1
github.com/stolostron/siteconfig/internal/controller/retry/retry.go:26.34,30.2 1 0
github.com/stolostron/siteconfig/internal/controller/retry/retry.go:26.34,30.2 1 0
github.com/stolostron/siteconfig/internal/controller/retry/retry.go:26.34,30.2 1 0
github.com/stolostron/siteconfig/internal/controller/retry/retry.go:26.34,30.2 1 0
github.com/stolostron/siteconfig/internal/controller/retry/retry.go:26.34,30.2 1 0
github.com/stolostron/siteconfig/internal/controller/retry/retry.go:26.34,30.2 1 0
github.com/stolostron/siteconfig/internal/controller/retry/retry.go:26.34,30.2 1 0
github.com/stolostron/siteconfig/internal/controller/retry/retry.go:32.68,34.2 1 0
github.com/stolostron/siteconfig/internal/controller/retry/retry.go:32.68,34.2 1 0
github.com/stolostron/siteconfig/internal/controller/retry/retry.go:32.68,34.2 1 0
github.com/stolostron/siteconfig/internal/controller/retry/retry.go:32.68,34.2 1 0
github.com/stolostron/siteconfig/internal/controller/retry/retry.go:32.68,34.2 1 0
github.com/stolostron/siteconfig/internal/controller/retry/retry.go:32.68,34.2 1 0
github.com/stolostron/siteconfig/internal/controller/retry/retry.go:32.68,34.2 1 0
github.com/stolostron/siteconfig/internal/controller/retry/retry.go:36.44,41.2 1 0
github.com/stolostron/siteconfig/internal/controller/retry/retry.go:36.44,41.2 1 0
github.com/stolostron/siteconfig/internal/controller/retry/retry.go:36.44,41.2 1 0
github.com/stolostron/siteconfig/internal/controller/retry/retry.go:36.44,41.2 1 0
github.com/stolostron/siteconfig/internal/controller/retry/retry.go:36.44,41.2 1 1
github.com/stolostron/siteconfig/internal/controller/retry/retry.go:36.44,41.2 1 1
github.com/stolostron/siteconfig/internal/controller/retry/retry.go:36.44,41.2 1 1
github.com/stolostron/siteconfig/internal/controller/retry/retry.go:43.78,45.2 1 0
github.com/stolostron/siteconfig/internal/controller/retry/retry.go:43.78,45.2 1 0
github.com/stolostron/siteconfig/internal/controller/retry/retry.go:43.78,45.2 1 0
github.com/stolostron/siteconfig/internal/controller/retry/retry.go:43.78,45.2 1 1
github.com/stolostron/siteconfig/internal/controller/retry/retry.go:43.78,45.2 1 1
github.com/stolostron/siteconfig/internal/controller/retry/retry.go:43.78,45.2 1 1
github.com/stolostron/siteconfig/internal/controller/retry/retry.go:43.78,45.2 1 1
github.com/stolostron/siteconfig/internal/templates/assisted-installer/template.go:216.46,224.2 7 0
github.com/stolostron/siteconfig/internal/templates/assisted-installer/template.go:216.46,224.2 7 0
github.com/stolostron/siteconfig/internal/templates/assisted-installer/template.go:216.46,224.2 7 1
github.com/stolostron/siteconfig/internal/templates/assisted-installer/template.go:226.43,231.2 4 0
github.com/stolostron/siteconfig/internal/templates/assisted-installer/template.go:226.43,231.2 4 0
github.com/stolostron/siteconfig/internal/templates/assisted-installer/template.go:226.43,231.2 4 1
github.com/stolostron/siteconfig/internal/templates/image-based-installer/template.go:156.46,162.2 5 0
github.com/stolostron/siteconfig/internal/templates/image-based-installer/template.go:156.46,162.2 5 0
github.com/stolostron/siteconfig/internal/templates/image-based-installer/template.go:156.46,162.2 5 1
github.com/stolostron/siteconfig/internal/templates/image-based-installer/template.go:164.43,170.2 5 0
github.com/stolostron/siteconfig/internal/templates/image-based-installer/template.go:164.43,170.2 5 0
github.com/stolostron/siteconfig/internal/templates/image-based-installer/template.go:164.43,170.2 5 1
